============================= test session starts =============================
platform win32 -- Python 3.13.7, pytest-9.0.2, pluggy-1.6.0 -- C:\Users\flori\AppData\Local\Programs\Python\Python313\python.exe
cachedir: .pytest_cache
rootdir: C:\Users\flori\source\repos\VC_Scripter
configfile: pytest.ini
plugins: anyio-4.9.0, Faker-37.6.0, datadir-1.8.0, regressions-2.9.1
collecting ... collected 1 item

vcdecomp/tests/test_validation.py::test_decompilation_validation[level-script] 
-------------------------------- live log call --------------------------------
WARNING  vcdecomp.core.ir.structure.analysis.variables:variables.py:393 [VAR DEBUG] Starting regex variable extraction for function with 1 blocks
WARNING  vcdecomp.core.ir.structure.analysis.variables:variables.py:440 [VAR DEBUG] After regex extraction: var_types has 1 variables
WARNING  vcdecomp.core.ir.structure.analysis.variables:variables.py:393 [VAR DEBUG] Starting regex variable extraction for function with 1 blocks
WARNING  vcdecomp.core.ir.structure.analysis.variables:variables.py:402 [VAR DEBUG] Found addr_of variables: ['vec'] in expression: SC_ZeroMem(&vec, 12);
WARNING  vcdecomp.core.ir.structure.analysis.variables:variables.py:405 [VAR DEBUG] Processing variable 'vec'
WARNING  vcdecomp.core.ir.structure.analysis.variables:variables.py:409 [VAR DEBUG] Variable 'vec' already in var_types as c_Vector3
WARNING  vcdecomp.core.ir.structure.analysis.variables:variables.py:440 [VAR DEBUG] After regex extraction: var_types has 2 variables
WARNING  vcdecomp.core.ir.structure.orchestrator:orchestrator.py:362 Skipping orphaned block 2 at address 312 in function func_0292 - no predecessors (unreachable code)
WARNING  vcdecomp.core.ir.structure.orchestrator:orchestrator.py:362 Skipping orphaned block 3 at address 316 in function func_0292 - no predecessors (unreachable code)
WARNING  vcdecomp.core.ir.structure.orchestrator:orchestrator.py:362 Skipping orphaned block 4 at address 329 in function func_0292 - no predecessors (unreachable code)
WARNING  vcdecomp.core.ir.structure.orchestrator:orchestrator.py:362 Skipping orphaned block 5 at address 336 in function func_0292 - no predecessors (unreachable code)
WARNING  vcdecomp.core.ir.structure.orchestrator:orchestrator.py:362 Skipping orphaned block 6 at address 337 in function func_0292 - no predecessors (unreachable code)
WARNING  vcdecomp.core.ir.structure.orchestrator:orchestrator.py:362 Skipping orphaned block 7 at address 345 in function func_0292 - no predecessors (unreachable code)
WARNING  vcdecomp.core.ir.structure.orchestrator:orchestrator.py:362 Skipping orphaned block 8 at address 354 in function func_0292 - no predecessors (unreachable code)
WARNING  vcdecomp.core.ir.structure.analysis.variables:variables.py:393 [VAR DEBUG] Starting regex variable extraction for function with 1 blocks
WARNING  vcdecomp.core.ir.structure.analysis.variables:variables.py:440 [VAR DEBUG] After regex extraction: var_types has 1 variables
WARNING  vcdecomp.core.ir.structure.orchestrator:orchestrator.py:362 Skipping orphaned block 10 at address 362 in function func_0355 - no predecessors (unreachable code)
WARNING  vcdecomp.core.ir.structure.orchestrator:orchestrator.py:362 Skipping orphaned block 11 at address 366 in function func_0355 - no predecessors (unreachable code)
WARNING  vcdecomp.core.ir.structure.orchestrator:orchestrator.py:362 Skipping orphaned block 12 at address 370 in function func_0355 - no predecessors (unreachable code)
WARNING  vcdecomp.core.ir.structure.orchestrator:orchestrator.py:362 Skipping orphaned block 13 at address 374 in function func_0355 - no predecessors (unreachable code)
WARNING  vcdecomp.core.ir.structure.orchestrator:orchestrator.py:362 Skipping orphaned block 14 at address 378 in function func_0355 - no predecessors (unreachable code)
WARNING  vcdecomp.core.ir.structure.orchestrator:orchestrator.py:362 Skipping orphaned block 15 at address 391 in function func_0355 - no predecessors (unreachable code)
WARNING  vcdecomp.core.ir.structure.orchestrator:orchestrator.py:362 Skipping orphaned block 16 at address 395 in function func_0355 - no predecessors (unreachable code)
WARNING  vcdecomp.core.ir.structure.orchestrator:orchestrator.py:362 Skipping orphaned block 17 at address 404 in function func_0355 - no predecessors (unreachable code)
WARNING  vcdecomp.core.ir.structure.orchestrator:orchestrator.py:362 Skipping orphaned block 18 at address 413 in function func_0355 - no predecessors (unreachable code)
WARNING  vcdecomp.core.ir.structure.orchestrator:orchestrator.py:362 Skipping orphaned block 19 at address 417 in function func_0355 - no predecessors (unreachable code)
WARNING  vcdecomp.core.ir.structure.orchestrator:orchestrator.py:362 Skipping orphaned block 20 at address 421 in function func_0355 - no predecessors (unreachable code)
WARNING  vcdecomp.core.ir.structure.orchestrator:orchestrator.py:362 Skipping orphaned block 21 at address 434 in function func_0355 - no predecessors (unreachable code)
WARNING  vcdecomp.core.ir.structure.orchestrator:orchestrator.py:362 Skipping orphaned block 22 at address 438 in function func_0355 - no predecessors (unreachable code)
WARNING  vcdecomp.core.ir.structure.orchestrator:orchestrator.py:362 Skipping orphaned block 23 at address 447 in function func_0355 - no predecessors (unreachable code)
WARNING  vcdecomp.core.ir.structure.analysis.variables:variables.py:393 [VAR DEBUG] Starting regex variable extraction for function with 1 blocks
WARNING  vcdecomp.core.ir.structure.analysis.variables:variables.py:440 [VAR DEBUG] After regex extraction: var_types has 1 variables
WARNING  vcdecomp.core.ir.structure.orchestrator:orchestrator.py:362 Skipping orphaned block 25 at address 458 in function func_0448 - no predecessors (unreachable code)
WARNING  vcdecomp.core.ir.structure.orchestrator:orchestrator.py:362 Skipping orphaned block 26 at address 469 in function func_0448 - no predecessors (unreachable code)
WARNING  vcdecomp.core.ir.structure.orchestrator:orchestrator.py:362 Skipping orphaned block 27 at address 473 in function func_0448 - no predecessors (unreachable code)
WARNING  vcdecomp.core.ir.structure.orchestrator:orchestrator.py:362 Skipping orphaned block 28 at address 491 in function func_0448 - no predecessors (unreachable code)
WARNING  vcdecomp.core.ir.structure.orchestrator:orchestrator.py:362 Skipping orphaned block 29 at address 499 in function func_0448 - no predecessors (unreachable code)
WARNING  vcdecomp.core.ir.structure.orchestrator:orchestrator.py:362 Skipping orphaned block 30 at address 508 in function func_0448 - no predecessors (unreachable code)
WARNING  vcdecomp.core.ir.structure.analysis.variables:variables.py:393 [VAR DEBUG] Starting regex variable extraction for function with 1 blocks
WARNING  vcdecomp.core.ir.structure.analysis.variables:variables.py:402 [VAR DEBUG] Found addr_of variables: ['vec'] in expression: SC_P_GetPos(param_0, &vec);
WARNING  vcdecomp.core.ir.structure.analysis.variables:variables.py:405 [VAR DEBUG] Processing variable 'vec'
WARNING  vcdecomp.core.ir.structure.analysis.variables:variables.py:409 [VAR DEBUG] Variable 'vec' already in var_types as c_Vector3
WARNING  vcdecomp.core.ir.structure.analysis.variables:variables.py:402 [VAR DEBUG] Found addr_of variables: ['local_3'] in expression: SC_ZeroMem(&local_3, 8);
WARNING  vcdecomp.core.ir.structure.analysis.variables:variables.py:405 [VAR DEBUG] Processing variable 'local_3'
WARNING  vcdecomp.core.ir.structure.analysis.variables:variables.py:409 [VAR DEBUG] Variable 'local_3' already in var_types as int
WARNING  vcdecomp.core.ir.structure.analysis.variables:variables.py:440 [VAR DEBUG] After regex extraction: var_types has 3 variables
WARNING  vcdecomp.core.ir.structure.orchestrator:orchestrator.py:362 Skipping orphaned block 32 at address 527 in function func_0511 - no predecessors (unreachable code)
WARNING  vcdecomp.core.ir.structure.orchestrator:orchestrator.py:362 Skipping orphaned block 33 at address 531 in function func_0511 - no predecessors (unreachable code)
WARNING  vcdecomp.core.ir.structure.orchestrator:orchestrator.py:362 Skipping orphaned block 34 at address 552 in function func_0511 - no predecessors (unreachable code)
WARNING  vcdecomp.core.ir.structure.orchestrator:orchestrator.py:362 Skipping orphaned block 35 at address 583 in function func_0511 - no predecessors (unreachable code)
WARNING  vcdecomp.core.ir.structure.orchestrator:orchestrator.py:362 Skipping orphaned block 36 at address 590 in function func_0511 - no predecessors (unreachable code)
WARNING  vcdecomp.core.ir.structure.orchestrator:orchestrator.py:362 Skipping orphaned block 37 at address 602 in function func_0511 - no predecessors (unreachable code)
WARNING  vcdecomp.core.ir.structure.orchestrator:orchestrator.py:362 Skipping orphaned block 38 at address 611 in function func_0511 - no predecessors (unreachable code)
WARNING  vcdecomp.core.ir.structure.analysis.variables:variables.py:393 [VAR DEBUG] Starting regex variable extraction for function with 20 blocks
WARNING  vcdecomp.core.ir.structure.analysis.variables:variables.py:402 [VAR DEBUG] Found addr_of variables: ['local_4'] in expression: SC_PC_GetPos(&local_4);
WARNING  vcdecomp.core.ir.structure.analysis.variables:variables.py:405 [VAR DEBUG] Processing variable 'local_4'
WARNING  vcdecomp.core.ir.structure.analysis.variables:variables.py:409 [VAR DEBUG] Variable 'local_4' already in var_types as int
WARNING  vcdecomp.core.ir.structure.analysis.variables:variables.py:393 [VAR DEBUG] Starting regex variable extraction for function with 1 blocks
WARNING  vcdecomp.core.ir.structure.analysis.variables:variables.py:440 [VAR DEBUG] After regex extraction: var_types has 0 variables
WARNING  vcdecomp.core.ir.structure.analysis.variables:variables.py:393 [VAR DEBUG] Starting regex variable extraction for function with 7 blocks
WARNING  vcdecomp.core.ir.structure.analysis.variables:variables.py:440 [VAR DEBUG] After regex extraction: var_types has 2 variables
WARNING  vcdecomp.core.ir.structure.analysis.variables:variables.py:393 [VAR DEBUG] Starting regex variable extraction for function with 4 blocks
WARNING  vcdecomp.core.ir.structure.analysis.variables:variables.py:402 [VAR DEBUG] Found addr_of variables: ['enum_pl', 'local_'] in expression: SC_MP_EnumPlayers(&enum_pl, &local_, 1);
WARNING  vcdecomp.core.ir.structure.analysis.variables:variables.py:405 [VAR DEBUG] Processing variable 'enum_pl'
WARNING  vcdecomp.core.ir.structure.analysis.variables:variables.py:409 [VAR DEBUG] Variable 'enum_pl' already in var_types as s_SC_MP_EnumPlayers
WARNING  vcdecomp.core.ir.structure.analysis.variables:variables.py:405 [VAR DEBUG] Processing variable 'local_'
WARNING  vcdecomp.core.ir.structure.analysis.variables:variables.py:434 [VAR DEBUG] Defaulted to int for 'local_'
WARNING  vcdecomp.core.ir.structure.analysis.variables:variables.py:438 [VAR DEBUG] Added 'local_' to var_types as int
WARNING  vcdecomp.core.ir.structure.analysis.variables:variables.py:440 [VAR DEBUG] After regex extraction: var_types has 4 variables
WARNING  vcdecomp.core.ir.structure.analysis.variables:variables.py:393 [VAR DEBUG] Starting regex variable extraction for function with 16 blocks
WARNING  vcdecomp.core.ir.structure.analysis.variables:variables.py:402 [VAR DEBUG] Found addr_of variables: ['local_63'] in expression: SC_ShowMovieInfo(&local_63);
WARNING  vcdecomp.core.ir.structure.analysis.variables:variables.py:405 [VAR DEBUG] Processing variable 'local_63'
WARNING  vcdecomp.core.ir.structure.analysis.variables:variables.py:409 [VAR DEBUG] Variable 'local_63' already in var_types as int
WARNING  vcdecomp.core.ir.structure.analysis.variables:variables.py:402 [VAR DEBUG] Found addr_of variables: ['initside'] in expression: SC_InitSide(0, &initside);
WARNING  vcdecomp.core.ir.structure.analysis.variables:variables.py:405 [VAR DEBUG] Processing variable 'initside'
WARNING  vcdecomp.core.ir.structure.analysis.variables:variables.py:434 [VAR DEBUG] Defaulted to int for 'initside'
WARNING  vcdecomp.core.ir.structure.analysis.variables:variables.py:438 [VAR DEBUG] Added 'initside' to var_types as int
WARNING  vcdecomp.core.ir.structure.analysis.variables:variables.py:402 [VAR DEBUG] Found addr_of variables: ['initgroup'] in expression: SC_InitSideGroup(&initgroup);
WARNING  vcdecomp.core.ir.structure.analysis.variables:variables.py:405 [VAR DEBUG] Processing variable 'initgroup'
WARNING  vcdecomp.core.ir.structure.analysis.variables:variables.py:434 [VAR DEBUG] Defaulted to int for 'initgroup'
WARNING  vcdecomp.core.ir.structure.analysis.variables:variables.py:438 [VAR DEBUG] Added 'initgroup' to var_types as int
WARNING  vcdecomp.core.ir.structure.analysis.variables:variables.py:402 [VAR DEBUG] Found addr_of variables: ['initgroup'] in expression: SC_InitSideGroup(&initgroup);
WARNING  vcdecomp.core.ir.structure.analysis.variables:variables.py:405 [VAR DEBUG] Processing variable 'initgroup'
WARNING  vcdecomp.core.ir.structure.analysis.variables:variables.py:409 [VAR DEBUG] Variable 'initgroup' already in var_types as int
WARNING  vcdecomp.core.ir.structure.analysis.variables:variables.py:402 [VAR DEBUG] Found addr_of variables: ['initgroup'] in expression: SC_InitSideGroup(&initgroup);
WARNING  vcdecomp.core.ir.structure.analysis.variables:variables.py:405 [VAR DEBUG] Processing variable 'initgroup'
WARNING  vcdecomp.core.ir.structure.analysis.variables:variables.py:409 [VAR DEBUG] Variable 'initgroup' already in var_types as int
WARNING  vcdecomp.core.ir.structure.analysis.variables:variables.py:402 [VAR DEBUG] Found addr_of variables: ['initside'] in expression: SC_InitSide(1, &initside);
WARNING  vcdecomp.core.ir.structure.analysis.variables:variables.py:405 [VAR DEBUG] Processing variable 'initside'
WARNING  vcdecomp.core.ir.structure.analysis.variables:variables.py:409 [VAR DEBUG] Variable 'initside' already in var_types as int
WARNING  vcdecomp.validation.compiler_wrapper:compiler_wrapper.py:192 Process failed: 
FAILED                                                                   [100%]

================================== FAILURES ===================================
_________________ test_decompilation_validation[level-script] _________________
vcdecomp\tests\test_validation.py:194: in test_decompilation_validation
    pytest.fail(
E   Failed: Compilation failed with 0 errors. First error: Unknown
---------------------------- Captured stdout call -----------------------------

================================================================================
Testing: test3/LEVEL
================================================================================

[1/3] Decompiling LEVEL.SCR...
  X Function func_0612 failed: AttributeError
  X Function func_1021 failed: TypeError
  X Function ScriptMain failed: AttributeError
OK Decompiled to: C:\Users\flori\source\repos\VC_Scripter\.test_artifacts_debug\test_decompilation_validation_0\test3_LEVEL_decompiled.c
  Functions: 7/10 succeeded
  Partial decompilation: 3 function(s) failed
  Size: 2072 bytes

[2/3] Compiling and comparing bytecode...

[3/3] Validation results:
================================================================================
Verdict: FAIL
Original:    decompiler_source_tests\test3\LEVEL.SCR
Decompiled:  C:\Users\flori\source\repos\VC_Scripter\.test_artifacts_debug\test_decompilation_validation_0\test3_LEVEL_decompiled.c
================================================================================

================================================================================
COMPILATION ERROR ANALYSIS
================================================================================

Error breakdown: {'syntax': 0, 'semantic': 0, 'type': 0, 'include': 0, 'other': 0}
Total errors: 0

First 3 errors:

X test3/LEVEL: COMPILATION FAILED
---------------------------- Captured stderr call -----------------------------

=== FILE COPY DEBUG ===
Source file: C:\Users\flori\source\repos\VC_Scripter\.test_artifacts_debug\test_decompilation_validation_0\test3_LEVEL_decompiled.c
Source exists: True
Dest file: C:\Users\flori\source\repos\VC_Scripter\original-resources\compiler\test3_LEVEL_decompiled.c
Compiler dir: C:\Users\flori\source\repos\VC_Scripter\original-resources\compiler
After copy - dest exists: True
Dest file size: 2200 bytes
======================


=== COMPILER EXECUTION DEBUG ===
FULL COMMAND: ['C:\\Users\\flori\\source\\repos\\VC_Scripter\\original-resources\\compiler\\SCMP.exe', 'test3_LEVEL_decompiled.c', 'test3_LEVEL_decompiled_recompiled.scr', 'test3_LEVEL_decompiled.h']
COMMAND STRING: C:\Users\flori\source\repos\VC_Scripter\original-resources\compiler\SCMP.exe test3_LEVEL_decompiled.c test3_LEVEL_decompiled_recompiled.scr test3_LEVEL_decompiled.h
EXECUTABLE: C:\Users\flori\source\repos\VC_Scripter\original-resources\compiler\SCMP.exe
EXECUTABLE EXISTS: True
WORKING DIR: C:\Users\flori\source\repos\VC_Scripter\original-resources\compiler
ENV: None
================================


=== COMPILER EXECUTION RESULT ===
Return code: 3221225477
STDOUT: (empty)
STDERR: (empty)
=================================

------------------------------ Captured log call ------------------------------
WARNING  vcdecomp.core.ir.structure.analysis.variables:variables.py:393 [VAR DEBUG] Starting regex variable extraction for function with 1 blocks
WARNING  vcdecomp.core.ir.structure.analysis.variables:variables.py:440 [VAR DEBUG] After regex extraction: var_types has 1 variables
WARNING  vcdecomp.core.ir.structure.analysis.variables:variables.py:393 [VAR DEBUG] Starting regex variable extraction for function with 1 blocks
WARNING  vcdecomp.core.ir.structure.analysis.variables:variables.py:402 [VAR DEBUG] Found addr_of variables: ['vec'] in expression: SC_ZeroMem(&vec, 12);
WARNING  vcdecomp.core.ir.structure.analysis.variables:variables.py:405 [VAR DEBUG] Processing variable 'vec'
WARNING  vcdecomp.core.ir.structure.analysis.variables:variables.py:409 [VAR DEBUG] Variable 'vec' already in var_types as c_Vector3
WARNING  vcdecomp.core.ir.structure.analysis.variables:variables.py:440 [VAR DEBUG] After regex extraction: var_types has 2 variables
WARNING  vcdecomp.core.ir.structure.orchestrator:orchestrator.py:362 Skipping orphaned block 2 at address 312 in function func_0292 - no predecessors (unreachable code)
WARNING  vcdecomp.core.ir.structure.orchestrator:orchestrator.py:362 Skipping orphaned block 3 at address 316 in function func_0292 - no predecessors (unreachable code)
WARNING  vcdecomp.core.ir.structure.orchestrator:orchestrator.py:362 Skipping orphaned block 4 at address 329 in function func_0292 - no predecessors (unreachable code)
WARNING  vcdecomp.core.ir.structure.orchestrator:orchestrator.py:362 Skipping orphaned block 5 at address 336 in function func_0292 - no predecessors (unreachable code)
WARNING  vcdecomp.core.ir.structure.orchestrator:orchestrator.py:362 Skipping orphaned block 6 at address 337 in function func_0292 - no predecessors (unreachable code)
WARNING  vcdecomp.core.ir.structure.orchestrator:orchestrator.py:362 Skipping orphaned block 7 at address 345 in function func_0292 - no predecessors (unreachable code)
WARNING  vcdecomp.core.ir.structure.orchestrator:orchestrator.py:362 Skipping orphaned block 8 at address 354 in function func_0292 - no predecessors (unreachable code)
WARNING  vcdecomp.core.ir.structure.analysis.variables:variables.py:393 [VAR DEBUG] Starting regex variable extraction for function with 1 blocks
WARNING  vcdecomp.core.ir.structure.analysis.variables:variables.py:440 [VAR DEBUG] After regex extraction: var_types has 1 variables
WARNING  vcdecomp.core.ir.structure.orchestrator:orchestrator.py:362 Skipping orphaned block 10 at address 362 in function func_0355 - no predecessors (unreachable code)
WARNING  vcdecomp.core.ir.structure.orchestrator:orchestrator.py:362 Skipping orphaned block 11 at address 366 in function func_0355 - no predecessors (unreachable code)
WARNING  vcdecomp.core.ir.structure.orchestrator:orchestrator.py:362 Skipping orphaned block 12 at address 370 in function func_0355 - no predecessors (unreachable code)
WARNING  vcdecomp.core.ir.structure.orchestrator:orchestrator.py:362 Skipping orphaned block 13 at address 374 in function func_0355 - no predecessors (unreachable code)
WARNING  vcdecomp.core.ir.structure.orchestrator:orchestrator.py:362 Skipping orphaned block 14 at address 378 in function func_0355 - no predecessors (unreachable code)
WARNING  vcdecomp.core.ir.structure.orchestrator:orchestrator.py:362 Skipping orphaned block 15 at address 391 in function func_0355 - no predecessors (unreachable code)
WARNING  vcdecomp.core.ir.structure.orchestrator:orchestrator.py:362 Skipping orphaned block 16 at address 395 in function func_0355 - no predecessors (unreachable code)
WARNING  vcdecomp.core.ir.structure.orchestrator:orchestrator.py:362 Skipping orphaned block 17 at address 404 in function func_0355 - no predecessors (unreachable code)
WARNING  vcdecomp.core.ir.structure.orchestrator:orchestrator.py:362 Skipping orphaned block 18 at address 413 in function func_0355 - no predecessors (unreachable code)
WARNING  vcdecomp.core.ir.structure.orchestrator:orchestrator.py:362 Skipping orphaned block 19 at address 417 in function func_0355 - no predecessors (unreachable code)
WARNING  vcdecomp.core.ir.structure.orchestrator:orchestrator.py:362 Skipping orphaned block 20 at address 421 in function func_0355 - no predecessors (unreachable code)
WARNING  vcdecomp.core.ir.structure.orchestrator:orchestrator.py:362 Skipping orphaned block 21 at address 434 in function func_0355 - no predecessors (unreachable code)
WARNING  vcdecomp.core.ir.structure.orchestrator:orchestrator.py:362 Skipping orphaned block 22 at address 438 in function func_0355 - no predecessors (unreachable code)
WARNING  vcdecomp.core.ir.structure.orchestrator:orchestrator.py:362 Skipping orphaned block 23 at address 447 in function func_0355 - no predecessors (unreachable code)
WARNING  vcdecomp.core.ir.structure.analysis.variables:variables.py:393 [VAR DEBUG] Starting regex variable extraction for function with 1 blocks
WARNING  vcdecomp.core.ir.structure.analysis.variables:variables.py:440 [VAR DEBUG] After regex extraction: var_types has 1 variables
WARNING  vcdecomp.core.ir.structure.orchestrator:orchestrator.py:362 Skipping orphaned block 25 at address 458 in function func_0448 - no predecessors (unreachable code)
WARNING  vcdecomp.core.ir.structure.orchestrator:orchestrator.py:362 Skipping orphaned block 26 at address 469 in function func_0448 - no predecessors (unreachable code)
WARNING  vcdecomp.core.ir.structure.orchestrator:orchestrator.py:362 Skipping orphaned block 27 at address 473 in function func_0448 - no predecessors (unreachable code)
WARNING  vcdecomp.core.ir.structure.orchestrator:orchestrator.py:362 Skipping orphaned block 28 at address 491 in function func_0448 - no predecessors (unreachable code)
WARNING  vcdecomp.core.ir.structure.orchestrator:orchestrator.py:362 Skipping orphaned block 29 at address 499 in function func_0448 - no predecessors (unreachable code)
WARNING  vcdecomp.core.ir.structure.orchestrator:orchestrator.py:362 Skipping orphaned block 30 at address 508 in function func_0448 - no predecessors (unreachable code)
WARNING  vcdecomp.core.ir.structure.analysis.variables:variables.py:393 [VAR DEBUG] Starting regex variable extraction for function with 1 blocks
WARNING  vcdecomp.core.ir.structure.analysis.variables:variables.py:402 [VAR DEBUG] Found addr_of variables: ['vec'] in expression: SC_P_GetPos(param_0, &vec);
WARNING  vcdecomp.core.ir.structure.analysis.variables:variables.py:405 [VAR DEBUG] Processing variable 'vec'
WARNING  vcdecomp.core.ir.structure.analysis.variables:variables.py:409 [VAR DEBUG] Variable 'vec' already in var_types as c_Vector3
WARNING  vcdecomp.core.ir.structure.analysis.variables:variables.py:402 [VAR DEBUG] Found addr_of variables: ['local_3'] in expression: SC_ZeroMem(&local_3, 8);
WARNING  vcdecomp.core.ir.structure.analysis.variables:variables.py:405 [VAR DEBUG] Processing variable 'local_3'
WARNING  vcdecomp.core.ir.structure.analysis.variables:variables.py:409 [VAR DEBUG] Variable 'local_3' already in var_types as int
WARNING  vcdecomp.core.ir.structure.analysis.variables:variables.py:440 [VAR DEBUG] After regex extraction: var_types has 3 variables
WARNING  vcdecomp.core.ir.structure.orchestrator:orchestrator.py:362 Skipping orphaned block 32 at address 527 in function func_0511 - no predecessors (unreachable code)
WARNING  vcdecomp.core.ir.structure.orchestrator:orchestrator.py:362 Skipping orphaned block 33 at address 531 in function func_0511 - no predecessors (unreachable code)
WARNING  vcdecomp.core.ir.structure.orchestrator:orchestrator.py:362 Skipping orphaned block 34 at address 552 in function func_0511 - no predecessors (unreachable code)
WARNING  vcdecomp.core.ir.structure.orchestrator:orchestrator.py:362 Skipping orphaned block 35 at address 583 in function func_0511 - no predecessors (unreachable code)
WARNING  vcdecomp.core.ir.structure.orchestrator:orchestrator.py:362 Skipping orphaned block 36 at address 590 in function func_0511 - no predecessors (unreachable code)
WARNING  vcdecomp.core.ir.structure.orchestrator:orchestrator.py:362 Skipping orphaned block 37 at address 602 in function func_0511 - no predecessors (unreachable code)
WARNING  vcdecomp.core.ir.structure.orchestrator:orchestrator.py:362 Skipping orphaned block 38 at address 611 in function func_0511 - no predecessors (unreachable code)
WARNING  vcdecomp.core.ir.structure.analysis.variables:variables.py:393 [VAR DEBUG] Starting regex variable extraction for function with 20 blocks
WARNING  vcdecomp.core.ir.structure.analysis.variables:variables.py:402 [VAR DEBUG] Found addr_of variables: ['local_4'] in expression: SC_PC_GetPos(&local_4);
WARNING  vcdecomp.core.ir.structure.analysis.variables:variables.py:405 [VAR DEBUG] Processing variable 'local_4'
WARNING  vcdecomp.core.ir.structure.analysis.variables:variables.py:409 [VAR DEBUG] Variable 'local_4' already in var_types as int
WARNING  vcdecomp.core.ir.structure.analysis.variables:variables.py:393 [VAR DEBUG] Starting regex variable extraction for function with 1 blocks
WARNING  vcdecomp.core.ir.structure.analysis.variables:variables.py:440 [VAR DEBUG] After regex extraction: var_types has 0 variables
WARNING  vcdecomp.core.ir.structure.analysis.variables:variables.py:393 [VAR DEBUG] Starting regex variable extraction for function with 7 blocks
WARNING  vcdecomp.core.ir.structure.analysis.variables:variables.py:440 [VAR DEBUG] After regex extraction: var_types has 2 variables
WARNING  vcdecomp.core.ir.structure.analysis.variables:variables.py:393 [VAR DEBUG] Starting regex variable extraction for function with 4 blocks
WARNING  vcdecomp.core.ir.structure.analysis.variables:variables.py:402 [VAR DEBUG] Found addr_of variables: ['enum_pl', 'local_'] in expression: SC_MP_EnumPlayers(&enum_pl, &local_, 1);
WARNING  vcdecomp.core.ir.structure.analysis.variables:variables.py:405 [VAR DEBUG] Processing variable 'enum_pl'
WARNING  vcdecomp.core.ir.structure.analysis.variables:variables.py:409 [VAR DEBUG] Variable 'enum_pl' already in var_types as s_SC_MP_EnumPlayers
WARNING  vcdecomp.core.ir.structure.analysis.variables:variables.py:405 [VAR DEBUG] Processing variable 'local_'
WARNING  vcdecomp.core.ir.structure.analysis.variables:variables.py:434 [VAR DEBUG] Defaulted to int for 'local_'
WARNING  vcdecomp.core.ir.structure.analysis.variables:variables.py:438 [VAR DEBUG] Added 'local_' to var_types as int
WARNING  vcdecomp.core.ir.structure.analysis.variables:variables.py:440 [VAR DEBUG] After regex extraction: var_types has 4 variables
WARNING  vcdecomp.core.ir.structure.analysis.variables:variables.py:393 [VAR DEBUG] Starting regex variable extraction for function with 16 blocks
WARNING  vcdecomp.core.ir.structure.analysis.variables:variables.py:402 [VAR DEBUG] Found addr_of variables: ['local_63'] in expression: SC_ShowMovieInfo(&local_63);
WARNING  vcdecomp.core.ir.structure.analysis.variables:variables.py:405 [VAR DEBUG] Processing variable 'local_63'
WARNING  vcdecomp.core.ir.structure.analysis.variables:variables.py:409 [VAR DEBUG] Variable 'local_63' already in var_types as int
WARNING  vcdecomp.core.ir.structure.analysis.variables:variables.py:402 [VAR DEBUG] Found addr_of variables: ['initside'] in expression: SC_InitSide(0, &initside);
WARNING  vcdecomp.core.ir.structure.analysis.variables:variables.py:405 [VAR DEBUG] Processing variable 'initside'
WARNING  vcdecomp.core.ir.structure.analysis.variables:variables.py:434 [VAR DEBUG] Defaulted to int for 'initside'
WARNING  vcdecomp.core.ir.structure.analysis.variables:variables.py:438 [VAR DEBUG] Added 'initside' to var_types as int
WARNING  vcdecomp.core.ir.structure.analysis.variables:variables.py:402 [VAR DEBUG] Found addr_of variables: ['initgroup'] in expression: SC_InitSideGroup(&initgroup);
WARNING  vcdecomp.core.ir.structure.analysis.variables:variables.py:405 [VAR DEBUG] Processing variable 'initgroup'
WARNING  vcdecomp.core.ir.structure.analysis.variables:variables.py:434 [VAR DEBUG] Defaulted to int for 'initgroup'
WARNING  vcdecomp.core.ir.structure.analysis.variables:variables.py:438 [VAR DEBUG] Added 'initgroup' to var_types as int
WARNING  vcdecomp.core.ir.structure.analysis.variables:variables.py:402 [VAR DEBUG] Found addr_of variables: ['initgroup'] in expression: SC_InitSideGroup(&initgroup);
WARNING  vcdecomp.core.ir.structure.analysis.variables:variables.py:405 [VAR DEBUG] Processing variable 'initgroup'
WARNING  vcdecomp.core.ir.structure.analysis.variables:variables.py:409 [VAR DEBUG] Variable 'initgroup' already in var_types as int
WARNING  vcdecomp.core.ir.structure.analysis.variables:variables.py:402 [VAR DEBUG] Found addr_of variables: ['initgroup'] in expression: SC_InitSideGroup(&initgroup);
WARNING  vcdecomp.core.ir.structure.analysis.variables:variables.py:405 [VAR DEBUG] Processing variable 'initgroup'
WARNING  vcdecomp.core.ir.structure.analysis.variables:variables.py:409 [VAR DEBUG] Variable 'initgroup' already in var_types as int
WARNING  vcdecomp.core.ir.structure.analysis.variables:variables.py:402 [VAR DEBUG] Found addr_of variables: ['initside'] in expression: SC_InitSide(1, &initside);
WARNING  vcdecomp.core.ir.structure.analysis.variables:variables.py:405 [VAR DEBUG] Processing variable 'initside'
WARNING  vcdecomp.core.ir.structure.analysis.variables:variables.py:409 [VAR DEBUG] Variable 'initside' already in var_types as int
WARNING  vcdecomp.validation.compiler_wrapper:compiler_wrapper.py:192 Process failed:
============================== warnings summary ===============================
..\..\..\AppData\Local\Programs\Python\Python313\Lib\site-packages\_pytest\config\__init__.py:1428
  C:\Users\flori\AppData\Local\Programs\Python\Python313\Lib\site-packages\_pytest\config\__init__.py:1428: PytestConfigWarning: Unknown config option: regressions_data_dir
  
    self._warn_or_fail_if_strict(f"Unknown config option: {key}\n")

-- Docs: https://docs.pytest.org/en/stable/how-to/capture-warnings.html
=========================== short test summary info ===========================
FAILED vcdecomp/tests/test_validation.py::test_decompilation_validation[level-script] - Failed: Compilation failed with 0 errors. First error: Unknown
======================== 1 failed, 1 warning in 2.37s =========================
