============================= test session starts =============================
platform win32 -- Python 3.13.7, pytest-9.0.2, pluggy-1.6.0 -- C:\Users\flori\AppData\Local\Programs\Python\Python313\python.exe
cachedir: .pytest_cache
rootdir: C:\Users\flori\source\repos\VC_Scripter
configfile: pytest.ini
plugins: anyio-4.9.0, Faker-37.6.0, datadir-1.8.0, regressions-2.9.1
collecting ... collected 3 items

vcdecomp/tests/test_validation.py::test_decompilation_validation_with_baseline[tt-turntable] FAILED [ 33%]
vcdecomp/tests/test_validation.py::test_decompilation_validation_with_baseline[tdm-deathmatch] FAILED [ 66%]
vcdecomp/tests/test_validation.py::test_decompilation_validation_with_baseline[level-script] FAILED [100%]

================================== FAILURES ===================================
__________ test_decompilation_validation_with_baseline[tt-turntable] __________
vcdecomp\tests\test_validation.py:277: in test_decompilation_validation_with_baseline
    data_regression.check(baseline_data)
E   Failed: File not found in data directory, created:
E   - C:\Users\flori\source\repos\VC_Scripter\vcdecomp\tests\test_validation\test_decompilation_validation_with_baseline_tt_turntable_.yml
---------------------------- Captured stderr call -----------------------------

=== FILE COPY DEBUG ===
Source file: C:\Users\flori\source\repos\VC_Scripter\.test_artifacts_final\test_decompilation_validation_0\test1_tt_decompiled.c
Source exists: True
Dest file: C:\Users\flori\source\repos\VC_Scripter\original-resources\compiler\test1_tt_decompiled.c
Compiler dir: C:\Users\flori\source\repos\VC_Scripter\original-resources\compiler
After copy - dest exists: True
Dest file size: 4525 bytes
======================


=== COMPILER EXECUTION DEBUG ===
FULL COMMAND: ['C:\\Users\\flori\\source\\repos\\VC_Scripter\\original-resources\\compiler\\SCMP.exe', 'test1_tt_decompiled.c', 'test1_tt_decompiled_recompiled.scr', 'test1_tt_decompiled.h']
COMMAND STRING: C:\Users\flori\source\repos\VC_Scripter\original-resources\compiler\SCMP.exe test1_tt_decompiled.c test1_tt_decompiled_recompiled.scr test1_tt_decompiled.h
EXECUTABLE: C:\Users\flori\source\repos\VC_Scripter\original-resources\compiler\SCMP.exe
EXECUTABLE EXISTS: True
WORKING DIR: C:\Users\flori\source\repos\VC_Scripter\original-resources\compiler
ENV: None
================================


=== COMPILER EXECUTION RESULT ===
Return code: 3221225477
STDOUT: (empty)
STDERR: (empty)
=================================

------------------------------ Captured log call ------------------------------
WARNING  vcdecomp.core.ir.structure.orchestrator:orchestrator.py:362 Skipping orphaned block 2 at address 53 in function func_0050 - no predecessors (unreachable code)
WARNING  vcdecomp.core.ir.structure.orchestrator:orchestrator.py:362 Skipping orphaned block 8 at address 82 in function func_0050 - no predecessors (unreachable code)
WARNING  vcdecomp.core.ir.structure.orchestrator:orchestrator.py:362 Skipping orphaned block 15 at address 114 in function func_0050 - no predecessors (unreachable code)
WARNING  vcdecomp.core.ir.structure.orchestrator:orchestrator.py:362 Skipping orphaned block 45 at address 339 in function func_0334 - no predecessors (unreachable code)
WARNING  vcdecomp.core.ir.structure.orchestrator:orchestrator.py:362 Skipping orphaned block 47 at address 344 in function func_0334 - no predecessors (unreachable code)
WARNING  vcdecomp.core.ir.structure.orchestrator:orchestrator.py:362 Skipping orphaned block 49 at address 351 in function func_0334 - no predecessors (unreachable code)
WARNING  vcdecomp.core.ir.structure.orchestrator:orchestrator.py:362 Skipping orphaned block 63 at address 512 in function func_0498 - no predecessors (unreachable code)
WARNING  vcdecomp.core.ir.structure.orchestrator:orchestrator.py:362 Skipping orphaned block 64 at address 516 in function func_0498 - no predecessors (unreachable code)
WARNING  vcdecomp.core.ir.structure.orchestrator:orchestrator.py:362 Skipping orphaned block 65 at address 534 in function func_0498 - no predecessors (unreachable code)
WARNING  vcdecomp.core.ir.structure.orchestrator:orchestrator.py:362 Skipping orphaned block 66 at address 537 in function func_0498 - no predecessors (unreachable code)
WARNING  vcdecomp.core.ir.structure.orchestrator:orchestrator.py:362 Skipping orphaned block 67 at address 541 in function func_0498 - no predecessors (unreachable code)
WARNING  vcdecomp.core.ir.structure.orchestrator:orchestrator.py:362 Skipping orphaned block 68 at address 547 in function func_0498 - no predecessors (unreachable code)
WARNING  vcdecomp.core.ir.structure.orchestrator:orchestrator.py:362 Skipping orphaned block 69 at address 551 in function func_0498 - no predecessors (unreachable code)
WARNING  vcdecomp.core.ir.structure.orchestrator:orchestrator.py:362 Skipping orphaned block 70 at address 557 in function func_0498 - no predecessors (unreachable code)
WARNING  vcdecomp.core.ir.structure.orchestrator:orchestrator.py:362 Skipping orphaned block 71 at address 561 in function func_0498 - no predecessors (unreachable code)
WARNING  vcdecomp.core.ir.structure.orchestrator:orchestrator.py:362 Skipping orphaned block 72 at address 566 in function func_0498 - no predecessors (unreachable code)
WARNING  vcdecomp.core.ir.structure.orchestrator:orchestrator.py:362 Skipping orphaned block 73 at address 568 in function func_0498 - no predecessors (unreachable code)
WARNING  vcdecomp.core.ir.structure.orchestrator:orchestrator.py:362 Skipping orphaned block 74 at address 572 in function func_0498 - no predecessors (unreachable code)
WARNING  vcdecomp.core.ir.structure.orchestrator:orchestrator.py:362 Skipping orphaned block 75 at address 576 in function func_0498 - no predecessors (unreachable code)
WARNING  vcdecomp.core.ir.structure.orchestrator:orchestrator.py:362 Skipping orphaned block 76 at address 585 in function func_0498 - no predecessors (unreachable code)
WARNING  vcdecomp.core.ir.structure.orchestrator:orchestrator.py:362 Skipping orphaned block 77 at address 595 in function func_0498 - no predecessors (unreachable code)
WARNING  vcdecomp.core.ir.structure.orchestrator:orchestrator.py:362 Skipping orphaned block 78 at address 596 in function func_0498 - no predecessors (unreachable code)
WARNING  vcdecomp.core.ir.structure.orchestrator:orchestrator.py:362 Skipping orphaned block 79 at address 598 in function func_0498 - no predecessors (unreachable code)
WARNING  vcdecomp.core.ir.structure.orchestrator:orchestrator.py:362 Skipping orphaned block 80 at address 599 in function func_0498 - no predecessors (unreachable code)
WARNING  vcdecomp.core.ir.structure.orchestrator:orchestrator.py:362 Skipping orphaned block 81 at address 601 in function func_0498 - no predecessors (unreachable code)
WARNING  vcdecomp.core.ir.structure.orchestrator:orchestrator.py:362 Skipping orphaned block 82 at address 610 in function func_0498 - no predecessors (unreachable code)
WARNING  vcdecomp.core.ir.structure.orchestrator:orchestrator.py:362 Skipping orphaned block 83 at address 620 in function func_0498 - no predecessors (unreachable code)
WARNING  vcdecomp.core.ir.structure.orchestrator:orchestrator.py:362 Skipping orphaned block 84 at address 621 in function func_0498 - no predecessors (unreachable code)
WARNING  vcdecomp.core.ir.structure.orchestrator:orchestrator.py:362 Skipping orphaned block 85 at address 623 in function func_0498 - no predecessors (unreachable code)
WARNING  vcdecomp.core.ir.structure.orchestrator:orchestrator.py:362 Skipping orphaned block 86 at address 624 in function func_0498 - no predecessors (unreachable code)
WARNING  vcdecomp.core.ir.structure.orchestrator:orchestrator.py:362 Skipping orphaned block 87 at address 626 in function func_0498 - no predecessors (unreachable code)
WARNING  vcdecomp.core.ir.structure.orchestrator:orchestrator.py:362 Skipping orphaned block 88 at address 635 in function func_0498 - no predecessors (unreachable code)
WARNING  vcdecomp.core.ir.structure.orchestrator:orchestrator.py:362 Skipping orphaned block 89 at address 645 in function func_0498 - no predecessors (unreachable code)
WARNING  vcdecomp.core.ir.structure.orchestrator:orchestrator.py:362 Skipping orphaned block 90 at address 646 in function func_0498 - no predecessors (unreachable code)
WARNING  vcdecomp.core.ir.structure.orchestrator:orchestrator.py:362 Skipping orphaned block 91 at address 648 in function func_0498 - no predecessors (unreachable code)
WARNING  vcdecomp.core.ir.structure.orchestrator:orchestrator.py:362 Skipping orphaned block 92 at address 649 in function func_0498 - no predecessors (unreachable code)
WARNING  vcdecomp.core.ir.structure.orchestrator:orchestrator.py:362 Skipping orphaned block 93 at address 651 in function func_0498 - no predecessors (unreachable code)
WARNING  vcdecomp.core.ir.structure.orchestrator:orchestrator.py:362 Skipping orphaned block 94 at address 661 in function func_0498 - no predecessors (unreachable code)
WARNING  vcdecomp.core.ir.structure.orchestrator:orchestrator.py:362 Skipping orphaned block 95 at address 670 in function func_0498 - no predecessors (unreachable code)
WARNING  vcdecomp.core.ir.structure.orchestrator:orchestrator.py:362 Skipping orphaned block 96 at address 672 in function func_0498 - no predecessors (unreachable code)
WARNING  vcdecomp.core.ir.structure.orchestrator:orchestrator.py:362 Skipping orphaned block 97 at address 681 in function func_0498 - no predecessors (unreachable code)
WARNING  vcdecomp.core.ir.structure.orchestrator:orchestrator.py:362 Skipping orphaned block 98 at address 683 in function func_0498 - no predecessors (unreachable code)
WARNING  vcdecomp.core.ir.structure.orchestrator:orchestrator.py:362 Skipping orphaned block 99 at address 691 in function func_0498 - no predecessors (unreachable code)
WARNING  vcdecomp.core.ir.structure.orchestrator:orchestrator.py:362 Skipping orphaned block 100 at address 698 in function func_0498 - no predecessors (unreachable code)
WARNING  vcdecomp.core.ir.structure.orchestrator:orchestrator.py:362 Skipping orphaned block 101 at address 738 in function func_0498 - no predecessors (unreachable code)
WARNING  vcdecomp.core.ir.structure.orchestrator:orchestrator.py:362 Skipping orphaned block 102 at address 747 in function func_0498 - no predecessors (unreachable code)
WARNING  vcdecomp.core.ir.structure.orchestrator:orchestrator.py:362 Skipping orphaned block 138 at address 946 in function func_0852 - no predecessors (unreachable code)
WARNING  vcdecomp.core.ir.structure.orchestrator:orchestrator.py:362 Skipping orphaned block 139 at address 955 in function func_0852 - no predecessors (unreachable code)
WARNING  vcdecomp.core.ir.structure.orchestrator:orchestrator.py:362 Skipping orphaned block 140 at address 965 in function func_0852 - no predecessors (unreachable code)
WARNING  vcdecomp.core.ir.structure.orchestrator:orchestrator.py:362 Skipping orphaned block 141 at address 966 in function func_0852 - no predecessors (unreachable code)
WARNING  vcdecomp.core.ir.structure.orchestrator:orchestrator.py:362 Skipping orphaned block 142 at address 978 in function func_0852 - no predecessors (unreachable code)
WARNING  vcdecomp.core.ir.structure.orchestrator:orchestrator.py:362 Skipping orphaned block 143 at address 982 in function func_0852 - no predecessors (unreachable code)
WARNING  vcdecomp.core.ir.structure.orchestrator:orchestrator.py:362 Skipping orphaned block 144 at address 986 in function func_0852 - no predecessors (unreachable code)
WARNING  vcdecomp.core.ir.structure.orchestrator:orchestrator.py:362 Skipping orphaned block 145 at address 987 in function func_0852 - no predecessors (unreachable code)
WARNING  vcdecomp.core.ir.structure.orchestrator:orchestrator.py:362 Skipping orphaned block 146 at address 988 in function func_0852 - no predecessors (unreachable code)
WARNING  vcdecomp.validation.compiler_wrapper:compiler_wrapper.py:192 Process failed:
_________ test_decompilation_validation_with_baseline[tdm-deathmatch] _________
vcdecomp\tests\test_validation.py:277: in test_decompilation_validation_with_baseline
    data_regression.check(baseline_data)
E   Failed: File not found in data directory, created:
E   - C:\Users\flori\source\repos\VC_Scripter\vcdecomp\tests\test_validation\test_decompilation_validation_with_baseline_tdm_deathmatch_.yml
---------------------------- Captured stderr call -----------------------------

=== FILE COPY DEBUG ===
Source file: C:\Users\flori\source\repos\VC_Scripter\.test_artifacts_final\test_decompilation_validation_1\test2_tdm_decompiled.c
Source exists: True
Dest file: C:\Users\flori\source\repos\VC_Scripter\original-resources\compiler\test2_tdm_decompiled.c
Compiler dir: C:\Users\flori\source\repos\VC_Scripter\original-resources\compiler
After copy - dest exists: True
Dest file size: 967 bytes
======================


=== COMPILER EXECUTION DEBUG ===
FULL COMMAND: ['C:\\Users\\flori\\source\\repos\\VC_Scripter\\original-resources\\compiler\\SCMP.exe', 'test2_tdm_decompiled.c', 'test2_tdm_decompiled_recompiled.scr', 'test2_tdm_decompiled.h']
COMMAND STRING: C:\Users\flori\source\repos\VC_Scripter\original-resources\compiler\SCMP.exe test2_tdm_decompiled.c test2_tdm_decompiled_recompiled.scr test2_tdm_decompiled.h
EXECUTABLE: C:\Users\flori\source\repos\VC_Scripter\original-resources\compiler\SCMP.exe
EXECUTABLE EXISTS: True
WORKING DIR: C:\Users\flori\source\repos\VC_Scripter\original-resources\compiler
ENV: None
================================


=== COMPILER EXECUTION RESULT ===
Return code: 3221225477
STDOUT: (empty)
STDERR: (empty)
=================================

------------------------------ Captured log call ------------------------------
WARNING  vcdecomp.core.ir.structure.orchestrator:orchestrator.py:362 Skipping orphaned block 2 at address 13 in function func_0010 - no predecessors (unreachable code)
WARNING  vcdecomp.core.ir.structure.orchestrator:orchestrator.py:362 Skipping orphaned block 8 at address 44 in function func_0010 - no predecessors (unreachable code)
WARNING  vcdecomp.core.ir.structure.orchestrator:orchestrator.py:362 Skipping orphaned block 18 at address 91 in function func_0010 - no predecessors (unreachable code)
WARNING  vcdecomp.validation.compiler_wrapper:compiler_wrapper.py:192 Process failed:
__________ test_decompilation_validation_with_baseline[level-script] __________
vcdecomp\tests\test_validation.py:277: in test_decompilation_validation_with_baseline
    data_regression.check(baseline_data)
E   Failed: File not found in data directory, created:
E   - C:\Users\flori\source\repos\VC_Scripter\vcdecomp\tests\test_validation\test_decompilation_validation_with_baseline_level_script_.yml
---------------------------- Captured stderr call -----------------------------

=== FILE COPY DEBUG ===
Source file: C:\Users\flori\source\repos\VC_Scripter\.test_artifacts_final\test_decompilation_validation_2\test3_LEVEL_decompiled.c
Source exists: True
Dest file: C:\Users\flori\source\repos\VC_Scripter\original-resources\compiler\test3_LEVEL_decompiled.c
Compiler dir: C:\Users\flori\source\repos\VC_Scripter\original-resources\compiler
After copy - dest exists: True
Dest file size: 2618 bytes
======================


=== COMPILER EXECUTION DEBUG ===
FULL COMMAND: ['C:\\Users\\flori\\source\\repos\\VC_Scripter\\original-resources\\compiler\\SCMP.exe', 'test3_LEVEL_decompiled.c', 'test3_LEVEL_decompiled_recompiled.scr', 'test3_LEVEL_decompiled.h']
COMMAND STRING: C:\Users\flori\source\repos\VC_Scripter\original-resources\compiler\SCMP.exe test3_LEVEL_decompiled.c test3_LEVEL_decompiled_recompiled.scr test3_LEVEL_decompiled.h
EXECUTABLE: C:\Users\flori\source\repos\VC_Scripter\original-resources\compiler\SCMP.exe
EXECUTABLE EXISTS: True
WORKING DIR: C:\Users\flori\source\repos\VC_Scripter\original-resources\compiler
ENV: None
================================


=== COMPILER EXECUTION RESULT ===
Return code: 3221225477
STDOUT: (empty)
STDERR: (empty)
=================================

------------------------------ Captured log call ------------------------------
WARNING  vcdecomp.core.ir.structure.orchestrator:orchestrator.py:362 Skipping orphaned block 2 at address 312 in function func_0292 - no predecessors (unreachable code)
WARNING  vcdecomp.core.ir.structure.orchestrator:orchestrator.py:362 Skipping orphaned block 3 at address 316 in function func_0292 - no predecessors (unreachable code)
WARNING  vcdecomp.core.ir.structure.orchestrator:orchestrator.py:362 Skipping orphaned block 4 at address 329 in function func_0292 - no predecessors (unreachable code)
WARNING  vcdecomp.core.ir.structure.orchestrator:orchestrator.py:362 Skipping orphaned block 5 at address 336 in function func_0292 - no predecessors (unreachable code)
WARNING  vcdecomp.core.ir.structure.orchestrator:orchestrator.py:362 Skipping orphaned block 6 at address 337 in function func_0292 - no predecessors (unreachable code)
WARNING  vcdecomp.core.ir.structure.orchestrator:orchestrator.py:362 Skipping orphaned block 7 at address 345 in function func_0292 - no predecessors (unreachable code)
WARNING  vcdecomp.core.ir.structure.orchestrator:orchestrator.py:362 Skipping orphaned block 8 at address 354 in function func_0292 - no predecessors (unreachable code)
WARNING  vcdecomp.core.ir.structure.orchestrator:orchestrator.py:362 Skipping orphaned block 10 at address 362 in function func_0355 - no predecessors (unreachable code)
WARNING  vcdecomp.core.ir.structure.orchestrator:orchestrator.py:362 Skipping orphaned block 11 at address 366 in function func_0355 - no predecessors (unreachable code)
WARNING  vcdecomp.core.ir.structure.orchestrator:orchestrator.py:362 Skipping orphaned block 12 at address 370 in function func_0355 - no predecessors (unreachable code)
WARNING  vcdecomp.core.ir.structure.orchestrator:orchestrator.py:362 Skipping orphaned block 13 at address 374 in function func_0355 - no predecessors (unreachable code)
WARNING  vcdecomp.core.ir.structure.orchestrator:orchestrator.py:362 Skipping orphaned block 14 at address 378 in function func_0355 - no predecessors (unreachable code)
WARNING  vcdecomp.core.ir.structure.orchestrator:orchestrator.py:362 Skipping orphaned block 15 at address 391 in function func_0355 - no predecessors (unreachable code)
WARNING  vcdecomp.core.ir.structure.orchestrator:orchestrator.py:362 Skipping orphaned block 16 at address 395 in function func_0355 - no predecessors (unreachable code)
WARNING  vcdecomp.core.ir.structure.orchestrator:orchestrator.py:362 Skipping orphaned block 17 at address 404 in function func_0355 - no predecessors (unreachable code)
WARNING  vcdecomp.core.ir.structure.orchestrator:orchestrator.py:362 Skipping orphaned block 18 at address 413 in function func_0355 - no predecessors (unreachable code)
WARNING  vcdecomp.core.ir.structure.orchestrator:orchestrator.py:362 Skipping orphaned block 19 at address 417 in function func_0355 - no predecessors (unreachable code)
WARNING  vcdecomp.core.ir.structure.orchestrator:orchestrator.py:362 Skipping orphaned block 20 at address 421 in function func_0355 - no predecessors (unreachable code)
WARNING  vcdecomp.core.ir.structure.orchestrator:orchestrator.py:362 Skipping orphaned block 21 at address 434 in function func_0355 - no predecessors (unreachable code)
WARNING  vcdecomp.core.ir.structure.orchestrator:orchestrator.py:362 Skipping orphaned block 22 at address 438 in function func_0355 - no predecessors (unreachable code)
WARNING  vcdecomp.core.ir.structure.orchestrator:orchestrator.py:362 Skipping orphaned block 23 at address 447 in function func_0355 - no predecessors (unreachable code)
WARNING  vcdecomp.core.ir.structure.orchestrator:orchestrator.py:362 Skipping orphaned block 25 at address 458 in function func_0448 - no predecessors (unreachable code)
WARNING  vcdecomp.core.ir.structure.orchestrator:orchestrator.py:362 Skipping orphaned block 26 at address 469 in function func_0448 - no predecessors (unreachable code)
WARNING  vcdecomp.core.ir.structure.orchestrator:orchestrator.py:362 Skipping orphaned block 27 at address 473 in function func_0448 - no predecessors (unreachable code)
WARNING  vcdecomp.core.ir.structure.orchestrator:orchestrator.py:362 Skipping orphaned block 28 at address 491 in function func_0448 - no predecessors (unreachable code)
WARNING  vcdecomp.core.ir.structure.orchestrator:orchestrator.py:362 Skipping orphaned block 29 at address 499 in function func_0448 - no predecessors (unreachable code)
WARNING  vcdecomp.core.ir.structure.orchestrator:orchestrator.py:362 Skipping orphaned block 30 at address 508 in function func_0448 - no predecessors (unreachable code)
WARNING  vcdecomp.core.ir.structure.orchestrator:orchestrator.py:362 Skipping orphaned block 32 at address 527 in function func_0511 - no predecessors (unreachable code)
WARNING  vcdecomp.core.ir.structure.orchestrator:orchestrator.py:362 Skipping orphaned block 33 at address 531 in function func_0511 - no predecessors (unreachable code)
WARNING  vcdecomp.core.ir.structure.orchestrator:orchestrator.py:362 Skipping orphaned block 34 at address 552 in function func_0511 - no predecessors (unreachable code)
WARNING  vcdecomp.core.ir.structure.orchestrator:orchestrator.py:362 Skipping orphaned block 35 at address 583 in function func_0511 - no predecessors (unreachable code)
WARNING  vcdecomp.core.ir.structure.orchestrator:orchestrator.py:362 Skipping orphaned block 36 at address 590 in function func_0511 - no predecessors (unreachable code)
WARNING  vcdecomp.core.ir.structure.orchestrator:orchestrator.py:362 Skipping orphaned block 37 at address 602 in function func_0511 - no predecessors (unreachable code)
WARNING  vcdecomp.core.ir.structure.orchestrator:orchestrator.py:362 Skipping orphaned block 38 at address 611 in function func_0511 - no predecessors (unreachable code)
WARNING  vcdecomp.validation.compiler_wrapper:compiler_wrapper.py:192 Process failed:
============================== warnings summary ===============================
..\..\..\AppData\Local\Programs\Python\Python313\Lib\site-packages\_pytest\config\__init__.py:1428
  C:\Users\flori\AppData\Local\Programs\Python\Python313\Lib\site-packages\_pytest\config\__init__.py:1428: PytestConfigWarning: Unknown config option: regressions_data_dir
  
    self._warn_or_fail_if_strict(f"Unknown config option: {key}\n")

-- Docs: https://docs.pytest.org/en/stable/how-to/capture-warnings.html
=========================== short test summary info ===========================
FAILED vcdecomp/tests/test_validation.py::test_decompilation_validation_with_baseline[tt-turntable] - Failed: File not found in data directory, created:
- C:\Users\flori\source\repos\VC_Scripter\vcdecomp\tests\test_validation\test_decompilation_validation_with_baseline_tt_turntable_.yml
FAILED vcdecomp/tests/test_validation.py::test_decompilation_validation_with_baseline[tdm-deathmatch] - Failed: File not found in data directory, created:
- C:\Users\flori\source\repos\VC_Scripter\vcdecomp\tests\test_validation\test_decompilation_validation_with_baseline_tdm_deathmatch_.yml
FAILED vcdecomp/tests/test_validation.py::test_decompilation_validation_with_baseline[level-script] - Failed: File not found in data directory, created:
- C:\Users\flori\source\repos\VC_Scripter\vcdecomp\tests\test_validation\test_decompilation_validation_with_baseline_level_script_.yml
======================== 3 failed, 1 warning in 4.03s =========================
