============================= test session starts =============================
platform win32 -- Python 3.13.7, pytest-9.0.2, pluggy-1.6.0 -- C:\Users\flori\AppData\Local\Programs\Python\Python313\python.exe
cachedir: .pytest_cache
rootdir: C:\Users\flori\source\repos\VC_Scripter
configfile: pytest.ini
plugins: anyio-4.9.0, Faker-37.6.0, datadir-1.8.0, regressions-2.9.1
collecting ... collected 274 items

vcdecomp/tests/test_compound_conditions.py::TestSimpleOR::test_simple_or_pattern FAILED [  0%]
vcdecomp/tests/test_compound_conditions.py::TestSimpleAND::test_simple_and_pattern FAILED [  0%]
vcdecomp/tests/test_compound_conditions.py::TestCombinedANDOR::test_tdm_scr_pattern FAILED [  1%]
vcdecomp/tests/test_compound_conditions.py::TestComplexNesting::test_complex_or_with_multiple_ands PASSED [  1%]
vcdecomp/tests/test_end_to_end_decompilation.py::TestEndToEndDecompilation::test_all_available_files PASSED [  1%]
vcdecomp/tests/test_end_to_end_decompilation.py::TestEndToEndDecompilation::test_hitable_decompilation SKIPPED [  2%]
vcdecomp/tests/test_end_to_end_decompilation.py::TestEndToEndDecompilation::test_no_regression_from_refactoring SKIPPED [  2%]
vcdecomp/tests/test_end_to_end_decompilation.py::TestEndToEndDecompilation::test_output_is_valid_c_syntax SKIPPED [  2%]
vcdecomp/tests/test_end_to_end_decompilation.py::TestEndToEndDecompilation::test_pattern_detection_works SKIPPED [  3%]
vcdecomp/tests/test_end_to_end_decompilation.py::TestEndToEndDecompilation::test_refactored_modules_work_in_pipeline SKIPPED [  3%]
vcdecomp/tests/test_end_to_end_decompilation.py::TestEndToEndDecompilation::test_tdm_decompilation SKIPPED [  4%]
vcdecomp/tests/test_error_analyzer.py::TestCategorizeCompilationErrors::test_syntax_errors PASSED [  4%]
vcdecomp/tests/test_error_analyzer.py::TestCategorizeCompilationErrors::test_semantic_errors PASSED [  4%]
vcdecomp/tests/test_error_analyzer.py::TestCategorizeCompilationErrors::test_type_errors PASSED [  5%]
vcdecomp/tests/test_error_analyzer.py::TestCategorizeCompilationErrors::test_include_errors PASSED [  5%]
vcdecomp/tests/test_error_analyzer.py::TestCategorizeCompilationErrors::test_other_errors PASSED [  5%]
vcdecomp/tests/test_error_analyzer.py::TestCategorizeCompilationErrors::test_mixed_errors PASSED [  6%]
vcdecomp/tests/test_error_analyzer.py::TestCategorizeCompilationErrors::test_empty_list PASSED [  6%]
vcdecomp/tests/test_error_analyzer.py::TestErrorPattern::test_error_pattern_creation PASSED [  6%]
vcdecomp/tests/test_error_analyzer.py::TestErrorPattern::test_error_pattern_str PASSED [  7%]
vcdecomp/tests/test_error_analyzer.py::TestErrorAnalyzer::test_analyze_batch_results_single_result PASSED [  7%]
vcdecomp/tests/test_error_analyzer.py::TestErrorAnalyzer::test_analyze_batch_results_multiple_results PASSED [  8%]
vcdecomp/tests/test_error_analyzer.py::TestErrorAnalyzer::test_analyze_batch_results_skips_successful_compilation PASSED [  8%]
vcdecomp/tests/test_error_analyzer.py::TestErrorAnalyzer::test_generate_insights PASSED [  8%]
vcdecomp/tests/test_error_analyzer.py::TestErrorAnalyzer::test_empty_results_list PASSED [  9%]
vcdecomp/tests/test_error_analyzer.py::TestErrorAnalyzer::test_examples_limited_to_three PASSED [  9%]
vcdecomp/tests/test_function_detector.py::TestFunctionDetectorBasic::test_detect_boundaries_v2_exists PASSED [  9%]
vcdecomp/tests/test_function_detector.py::TestFunctionDetectorBasic::test_detect_boundaries_call_only_exists PASSED [ 10%]
vcdecomp/tests/test_function_detector.py::TestFunctionDetectorLEVEL::test_separate_functions_after_ret SKIPPED [ 10%]
vcdecomp/tests/test_function_detector.py::TestFunctionDetectorLEVEL::test_v2_detects_more_functions_than_call_only SKIPPED [ 10%]
vcdecomp/tests/test_function_detector.py::TestFunctionDetectorOutput::test_no_unreachable_code_after_return SKIPPED [ 11%]
vcdecomp/tests/test_function_detector.py::TestFunctionDetectorEdgeCases::test_function_without_ret PASSED [ 11%]
vcdecomp/tests/test_function_detector.py::TestFunctionDetectorEdgeCases::test_empty_function PASSED [ 12%]
vcdecomp/tests/test_function_detector.py::TestFunctionDetectorEdgeCases::test_entry_point_handling PASSED [ 12%]
vcdecomp/tests/test_integration_pipeline.py::TestDecompilationPipeline::test_cfg_stage FAILED [ 12%]
vcdecomp/tests/test_integration_pipeline.py::TestDecompilationPipeline::test_complete_pipeline_all_files FAILED [ 13%]
vcdecomp/tests/test_integration_pipeline.py::TestDecompilationPipeline::test_complete_pipeline_simple FAILED [ 13%]
vcdecomp/tests/test_integration_pipeline.py::TestDecompilationPipeline::test_disassembly_stage FAILED [ 13%]
vcdecomp/tests/test_integration_pipeline.py::TestDecompilationPipeline::test_expression_formatting_stage FAILED [ 14%]
vcdecomp/tests/test_integration_pipeline.py::TestDecompilationPipeline::test_loader_stage FAILED [ 14%]
vcdecomp/tests/test_integration_pipeline.py::TestDecompilationPipeline::test_output_validity FAILED [ 14%]
vcdecomp/tests/test_integration_pipeline.py::TestDecompilationPipeline::test_pattern_detection_integration FAILED [ 15%]
vcdecomp/tests/test_integration_pipeline.py::TestDecompilationPipeline::test_refactored_modules_integration FAILED [ 15%]
vcdecomp/tests/test_integration_pipeline.py::TestDecompilationPipeline::test_ssa_stage FAILED [ 16%]
vcdecomp/tests/test_integration_pipeline.py::TestDecompilationPipeline::test_stack_lifting_stage FAILED [ 16%]
vcdecomp/tests/test_integration_pipeline.py::TestDecompilationPipeline::test_structured_output_stage FAILED [ 16%]
vcdecomp/tests/test_integration_pipeline.py::TestPipelineErrorHandling::test_empty_cfg PASSED [ 17%]
vcdecomp/tests/test_integration_pipeline.py::TestPipelineErrorHandling::test_invalid_file PASSED [ 17%]
vcdecomp/tests/test_parenthesization.py::test_is_simple_expression PASSED [ 17%]
vcdecomp/tests/test_parenthesization.py::test_needs_parens_in_condition PASSED [ 18%]
vcdecomp/tests/test_parenthesization.py::test_operator_precedence PASSED [ 18%]
vcdecomp/tests/test_parenthesization.py::test_needs_parens_precedence PASSED [ 18%]
vcdecomp/tests/test_parenthesization.py::test_needs_parens_associativity PASSED [ 19%]
vcdecomp/tests/test_parenthesization.py::test_needs_parens_comparisons PASSED [ 19%]
vcdecomp/tests/test_parenthesization.py::test_wrap_if_needed PASSED      [ 20%]
vcdecomp/tests/test_regression_baseline.py::TestRegressionBaseline::test_current_output_quality PASSED [ 20%]
vcdecomp/tests/test_regression_baseline.py::TestRegressionBaseline::test_hitable_regression SKIPPED [ 20%]
vcdecomp/tests/test_regression_baseline.py::TestRegressionBaseline::test_output_stability SKIPPED [ 21%]
vcdecomp/tests/test_regression_baseline.py::TestRegressionBaseline::test_tdm_regression SKIPPED [ 21%]
vcdecomp/tests/test_structure_analysis.py::TestGetLoopForBlock::test_nested_loops_returns_innermost PASSED [ 21%]
vcdecomp/tests/test_structure_analysis.py::TestGetLoopForBlock::test_no_loops PASSED [ 22%]
vcdecomp/tests/test_structure_analysis.py::TestGetLoopForBlock::test_single_loop PASSED [ 22%]
vcdecomp/tests/test_structure_analysis.py::TestIsBackEdgeTarget::test_is_back_edge PASSED [ 22%]
vcdecomp/tests/test_structure_analysis.py::TestIsBackEdgeTarget::test_not_back_edge_different_target PASSED [ 23%]
vcdecomp/tests/test_structure_analysis.py::TestIsBackEdgeTarget::test_not_back_edge_source_outside_loop PASSED [ 23%]
vcdecomp/tests/test_structure_analysis.py::TestFindIfBodyBlocks::test_multi_block_body PASSED [ 24%]
vcdecomp/tests/test_structure_analysis.py::TestFindIfBodyBlocks::test_single_block_body PASSED [ 24%]
vcdecomp/tests/test_structure_analysis.py::TestFindIfBodyBlocks::test_stops_at_return PASSED [ 24%]
vcdecomp/tests/test_structure_analysis.py::TestFindIfBodyBlocks::test_stops_at_stop_blocks PASSED [ 25%]
vcdecomp/tests/test_structure_analysis.py::TestFindCommonSuccessor::test_distant_common_successor PASSED [ 25%]
vcdecomp/tests/test_structure_analysis.py::TestFindCommonSuccessor::test_immediate_common_successor PASSED [ 25%]
vcdecomp/tests/test_structure_analysis.py::TestFindCommonSuccessor::test_no_common_successor PASSED [ 26%]
vcdecomp/tests/test_structure_analysis.py::TestIsJmpAfterJz::test_no_pattern_only_jz PASSED [ 26%]
vcdecomp/tests/test_structure_analysis.py::TestIsJmpAfterJz::test_no_pattern_wrong_order PASSED [ 27%]
vcdecomp/tests/test_structure_analysis.py::TestIsJmpAfterJz::test_pattern_matches PASSED [ 27%]
vcdecomp/tests/test_structure_analysis.py::TestFindAllJzTargets::test_multiple_jz PASSED [ 27%]
vcdecomp/tests/test_structure_analysis.py::TestFindAllJzTargets::test_no_jz PASSED [ 28%]
vcdecomp/tests/test_structure_analysis.py::TestFindAllJzTargets::test_single_jz PASSED [ 28%]
vcdecomp/tests/test_structure_analysis.py::TestFindCommonTrueTarget::test_common_target_found PASSED [ 28%]
vcdecomp/tests/test_structure_analysis.py::TestFindCommonTrueTarget::test_no_common_target PASSED [ 29%]
vcdecomp/tests/test_structure_analysis.py::TestFindCaseBodyBlocks::test_multi_block_case PASSED [ 29%]
vcdecomp/tests/test_structure_analysis.py::TestFindCaseBodyBlocks::test_single_block_case PASSED [ 29%]
vcdecomp/tests/test_structure_analysis.py::TestFindCaseBodyBlocks::test_stops_at_other_cases PASSED [ 30%]
vcdecomp/tests/test_structure_analysis.py::TestExtractConditionFromBlock::test_extract_simple_condition PASSED [ 30%]
vcdecomp/tests/test_structure_analysis.py::TestExtractConditionFromBlock::test_no_condition_no_jz PASSED [ 31%]
vcdecomp/tests/test_structure_analysis.py::TestCombineConditions::test_combine_compound_conditions PASSED [ 31%]
vcdecomp/tests/test_structure_analysis.py::TestCombineConditions::test_combine_single_condition PASSED [ 31%]
vcdecomp/tests/test_structure_analysis.py::TestCombineConditions::test_combine_two_conditions_or PASSED [ 32%]
vcdecomp/tests/test_structure_analysis.py::TestCombineConditions::test_combine_two_simple_conditions PASSED [ 32%]
vcdecomp/tests/test_structure_analysis.py::TestCollectAndChain::test_simple_and_chain PASSED [ 32%]
vcdecomp/tests/test_structure_analysis.py::TestTraceValueToFunctionCall::test_no_trace_no_producer PASSED [ 33%]
vcdecomp/tests/test_structure_analysis.py::TestTraceValueToFunctionCall::test_trace_to_call_instruction PASSED [ 33%]
vcdecomp/tests/test_structure_analysis.py::TestTraceValueToGlobal::test_trace_to_gcp_instruction PASSED [ 33%]
vcdecomp/tests/test_structure_analysis.py::TestTraceValueToParameter::test_trace_to_parameter PASSED [ 34%]
vcdecomp/tests/test_structure_analysis.py::TestFindSwitchVariableFromNearbyGcp::test_find_nearby_gcp PASSED [ 34%]
vcdecomp/tests/test_structure_analysis.py::TestCollectLocalVariables::test_collect_simple_variables FAILED [ 35%]
vcdecomp/tests/test_structure_analysis.py::TestCollectLocalVariables::test_skip_globals FAILED [ 35%]
vcdecomp/tests/test_structure_analysis.py::TestCollectLocalVariables::test_skip_parameters FAILED [ 35%]
vcdecomp/tests/test_structure_analysis.py::TestAnalysisImports::test_condition_imports PASSED [ 36%]
vcdecomp/tests/test_structure_analysis.py::TestAnalysisImports::test_flow_imports PASSED [ 36%]
vcdecomp/tests/test_structure_analysis.py::TestAnalysisImports::test_package_level_imports PASSED [ 36%]
vcdecomp/tests/test_structure_analysis.py::TestAnalysisImports::test_value_trace_imports PASSED [ 37%]
vcdecomp/tests/test_structure_analysis.py::TestAnalysisImports::test_variables_imports PASSED [ 37%]
vcdecomp/tests/test_structure_emit.py::TestFormatBlockLinesFiltered::test_empty_block PASSED [ 37%]
vcdecomp/tests/test_structure_emit.py::TestFormatBlockLinesFiltered::test_filter_increment PASSED [ 38%]
vcdecomp/tests/test_structure_emit.py::TestFormatBlockLinesFiltered::test_filter_simple_assignment PASSED [ 38%]
vcdecomp/tests/test_structure_emit.py::TestFormatBlockLinesFiltered::test_no_matching_variable PASSED [ 39%]
vcdecomp/tests/test_structure_emit.py::TestFormatBlockLines::test_basic_block_formatting PASSED [ 39%]
vcdecomp/tests/test_structure_emit.py::TestFormatBlockLines::test_early_return_pattern PASSED [ 39%]
vcdecomp/tests/test_structure_emit.py::TestFormatBlockLines::test_indentation PASSED [ 40%]
vcdecomp/tests/test_structure_emit.py::TestFormatBlockLines::test_skip_already_emitted_block PASSED [ 40%]
vcdecomp/tests/test_structure_emit.py::TestRenderIfElseRecursive::test_compound_condition PASSED [ 40%]
vcdecomp/tests/test_structure_emit.py::TestRenderIfElseRecursive::test_if_without_else PASSED [ 41%]
vcdecomp/tests/test_structure_emit.py::TestRenderIfElseRecursive::test_simple_if_else PASSED [ 41%]
vcdecomp/tests/test_structure_emit.py::TestRenderBlocksWithLoops::test_return_stops_rendering PASSED [ 41%]
vcdecomp/tests/test_structure_emit.py::TestRenderBlocksWithLoops::test_simple_block_sequence PASSED [ 42%]
vcdecomp/tests/test_structure_emit.py::TestRenderBlocksWithLoops::test_skip_already_emitted PASSED [ 42%]
vcdecomp/tests/test_structure_emit.py::TestRenderBlocksWithLoops::test_while_loop PASSED [ 43%]
vcdecomp/tests/test_structure_emit.py::TestEmitImports::test_import_block_formatter PASSED [ 43%]
vcdecomp/tests/test_structure_emit.py::TestEmitImports::test_import_code_emitter PASSED [ 43%]
vcdecomp/tests/test_structure_emit.py::TestEmitImports::test_package_level_imports PASSED [ 44%]
vcdecomp/tests/test_structure_patterns.py::TestDetectEarlyReturnPattern::test_early_return_can_be_invoked PASSED [ 44%]
vcdecomp/tests/test_structure_patterns.py::TestDetectEarlyReturnPattern::test_early_return_true_branch PASSED [ 44%]
vcdecomp/tests/test_structure_patterns.py::TestDetectEarlyReturnPattern::test_early_return_with_switch_exit PASSED [ 45%]
vcdecomp/tests/test_structure_patterns.py::TestDetectEarlyReturnPattern::test_not_early_return_both_branches_have_code PASSED [ 45%]
vcdecomp/tests/test_structure_patterns.py::TestDetectEarlyReturnPattern::test_not_early_return_no_conditional_jump PASSED [ 45%]
vcdecomp/tests/test_structure_patterns.py::TestDetectShortCircuitPattern::test_no_short_circuit_single_condition PASSED [ 46%]
vcdecomp/tests/test_structure_patterns.py::TestDetectShortCircuitPattern::test_simple_and_pattern PASSED [ 46%]
vcdecomp/tests/test_structure_patterns.py::TestDetectIfElsePattern::test_already_visited PASSED [ 47%]
vcdecomp/tests/test_structure_patterns.py::TestDetectIfElsePattern::test_if_without_else PASSED [ 47%]
vcdecomp/tests/test_structure_patterns.py::TestDetectIfElsePattern::test_loop_header_not_detected_as_if PASSED [ 47%]
vcdecomp/tests/test_structure_patterns.py::TestDetectIfElsePattern::test_simple_if_else PASSED [ 48%]
vcdecomp/tests/test_structure_patterns.py::TestFindSwitchVariableFromNearbyGCP::test_earliest_gcp_selected PASSED [ 48%]
vcdecomp/tests/test_structure_patterns.py::TestFindSwitchVariableFromNearbyGCP::test_find_switch_variable PASSED [ 48%]
vcdecomp/tests/test_structure_patterns.py::TestFindSwitchVariableFromNearbyGCP::test_no_gcp_found PASSED [ 49%]
vcdecomp/tests/test_structure_patterns.py::TestDetectSwitchPatterns::test_no_switch_single_case PASSED [ 49%]
vcdecomp/tests/test_structure_patterns.py::TestDetectSwitchPatterns::test_simple_switch_two_cases PASSED [ 50%]
vcdecomp/tests/test_structure_patterns.py::TestDetectForLoop::test_no_increment_found PASSED [ 50%]
vcdecomp/tests/test_structure_patterns.py::TestDetectForLoop::test_no_init_found PASSED [ 50%]
vcdecomp/tests/test_structure_patterns.py::TestDetectForLoop::test_simple_for_loop PASSED [ 51%]
vcdecomp/tests/test_structure_patterns.py::TestPatternImports::test_import_if_else_module PASSED [ 51%]
vcdecomp/tests/test_structure_patterns.py::TestPatternImports::test_import_loops_module PASSED [ 51%]
vcdecomp/tests/test_structure_patterns.py::TestPatternImports::test_import_switch_case_module PASSED [ 52%]
vcdecomp/tests/test_structure_patterns.py::TestPatternImports::test_package_level_imports PASSED [ 52%]
vcdecomp/tests/test_structure_utils_models.py::TestLoadSymbolDB::test_load_symbol_db_handles_missing_file PASSED [ 52%]
vcdecomp/tests/test_structure_utils_models.py::TestLoadSymbolDB::test_load_symbol_db_returns_optional PASSED [ 53%]
vcdecomp/tests/test_structure_utils_models.py::TestBuildStartMap::test_build_start_map_empty_cfg PASSED [ 53%]
vcdecomp/tests/test_structure_utils_models.py::TestBuildStartMap::test_build_start_map_multiple_blocks PASSED [ 54%]
vcdecomp/tests/test_structure_utils_models.py::TestBuildStartMap::test_build_start_map_single_block PASSED [ 54%]
vcdecomp/tests/test_structure_utils_models.py::TestDominates::test_dominates_chain PASSED [ 54%]
vcdecomp/tests/test_structure_utils_models.py::TestDominates::test_dominates_direct_parent PASSED [ 55%]
vcdecomp/tests/test_structure_utils_models.py::TestDominates::test_dominates_no_path PASSED [ 55%]
vcdecomp/tests/test_structure_utils_models.py::TestDominates::test_dominates_self PASSED [ 55%]
vcdecomp/tests/test_structure_utils_models.py::TestDominates::test_dominates_self_loop PASSED [ 56%]
vcdecomp/tests/test_structure_utils_models.py::TestIsControlFlowOnly::test_block_with_mixed_instructions PASSED [ 56%]
vcdecomp/tests/test_structure_utils_models.py::TestIsControlFlowOnly::test_block_with_real_instruction PASSED [ 56%]
vcdecomp/tests/test_structure_utils_models.py::TestIsControlFlowOnly::test_empty_block PASSED [ 57%]
vcdecomp/tests/test_structure_utils_models.py::TestIsControlFlowOnly::test_instruction_without_underlying_instruction PASSED [ 57%]
vcdecomp/tests/test_structure_utils_models.py::TestIsControlFlowOnly::test_jump_only_block PASSED [ 58%]
vcdecomp/tests/test_structure_utils_models.py::TestIsControlFlowOnly::test_phi_and_jump_block PASSED [ 58%]
vcdecomp/tests/test_structure_utils_models.py::TestIsControlFlowOnly::test_phi_only_block PASSED [ 58%]
vcdecomp/tests/test_structure_utils_models.py::TestIsControlFlowOnly::test_return_only_block PASSED [ 59%]
vcdecomp/tests/test_structure_utils_models.py::TestConstants::test_show_block_comments_default_false PASSED [ 59%]
vcdecomp/tests/test_structure_utils_models.py::TestConstants::test_show_block_comments_is_bool PASSED [ 59%]
vcdecomp/tests/test_structure_utils_models.py::TestCaseInfo::test_case_info_creation PASSED [ 60%]
vcdecomp/tests/test_structure_utils_models.py::TestCaseInfo::test_case_info_post_init_preserves_body_blocks PASSED [ 60%]
vcdecomp/tests/test_structure_utils_models.py::TestCaseInfo::test_case_info_post_init_sets_body_blocks PASSED [ 60%]
vcdecomp/tests/test_structure_utils_models.py::TestCaseInfo::test_case_info_with_all_fields PASSED [ 61%]
vcdecomp/tests/test_structure_utils_models.py::TestSwitchPattern::test_switch_pattern_creation PASSED [ 61%]
vcdecomp/tests/test_structure_utils_models.py::TestSwitchPattern::test_switch_pattern_post_init_sets_all_blocks PASSED [ 62%]
vcdecomp/tests/test_structure_utils_models.py::TestSwitchPattern::test_switch_pattern_preserves_explicit_all_blocks PASSED [ 62%]
vcdecomp/tests/test_structure_utils_models.py::TestSwitchPattern::test_switch_pattern_with_default PASSED [ 62%]
vcdecomp/tests/test_structure_utils_models.py::TestIfElsePattern::test_if_else_pattern_creation PASSED [ 63%]
vcdecomp/tests/test_structure_utils_models.py::TestIfElsePattern::test_if_else_pattern_post_init_sets_bodies PASSED [ 63%]
vcdecomp/tests/test_structure_utils_models.py::TestIfElsePattern::test_if_else_pattern_preserves_explicit_bodies PASSED [ 63%]
vcdecomp/tests/test_structure_utils_models.py::TestIfElsePattern::test_if_else_pattern_without_merge PASSED [ 64%]
vcdecomp/tests/test_structure_utils_models.py::TestCompoundCondition::test_compound_condition_and PASSED [ 64%]
vcdecomp/tests/test_structure_utils_models.py::TestCompoundCondition::test_compound_condition_nested PASSED [ 64%]
vcdecomp/tests/test_structure_utils_models.py::TestCompoundCondition::test_compound_condition_or PASSED [ 65%]
vcdecomp/tests/test_structure_utils_models.py::TestCompoundCondition::test_compound_condition_post_init_sets_involved_blocks PASSED [ 65%]
vcdecomp/tests/test_structure_utils_models.py::TestCompoundCondition::test_compound_condition_preserves_involved_blocks PASSED [ 66%]
vcdecomp/tests/test_structure_utils_models.py::TestForLoopInfo::test_for_loop_info_complex_expressions PASSED [ 66%]
vcdecomp/tests/test_structure_utils_models.py::TestForLoopInfo::test_for_loop_info_creation PASSED [ 66%]
vcdecomp/tests/test_structure_utils_models.py::TestForLoopInfo::test_for_loop_info_with_init_var PASSED [ 67%]
vcdecomp/tests/test_structure_utils_models.py::TestImports::test_helpers_direct_import PASSED [ 67%]
vcdecomp/tests/test_structure_utils_models.py::TestImports::test_models_direct_import PASSED [ 67%]
vcdecomp/tests/test_structure_utils_models.py::TestImports::test_patterns_imports PASSED [ 68%]
vcdecomp/tests/test_structure_utils_models.py::TestImports::test_utils_imports PASSED [ 68%]
vcdecomp/tests/test_validation.py::test_decompilation_validation[tt-turntable] FAILED [ 68%]
vcdecomp/tests/test_validation.py::test_decompilation_validation[tdm-deathmatch] FAILED [ 69%]
vcdecomp/tests/test_validation.py::test_decompilation_validation[level-script] FAILED [ 69%]
vcdecomp/tests/test_validation.py::test_decompilation_validation_with_baseline[tt-turntable] PASSED [ 70%]
vcdecomp/tests/test_validation.py::test_decompilation_validation_with_baseline[tdm-deathmatch] PASSED [ 70%]
vcdecomp/tests/test_validation.py::test_decompilation_validation_with_baseline[level-script] PASSED [ 70%]
vcdecomp/tests/validation/test_bytecode_compare.py::TestDifferenceDataStructures::test_comparison_result_load_error PASSED [ 71%]
vcdecomp/tests/validation/test_bytecode_compare.py::TestDifferenceDataStructures::test_comparison_result_valid PASSED [ 71%]
vcdecomp/tests/validation/test_bytecode_compare.py::TestDifferenceDataStructures::test_difference_creation PASSED [ 71%]
vcdecomp/tests/validation/test_bytecode_compare.py::TestDifferenceDataStructures::test_difference_str FAILED [ 72%]
vcdecomp/tests/validation/test_bytecode_compare.py::TestDifferenceDataStructures::test_section_comparison_identical PASSED [ 72%]
vcdecomp/tests/validation/test_bytecode_compare.py::TestDifferenceDataStructures::test_section_comparison_with_differences PASSED [ 72%]
vcdecomp/tests/validation/test_bytecode_compare.py::TestBytecodeComparator::test_compare_different_data_sizes FAILED [ 73%]
vcdecomp/tests/validation/test_bytecode_compare.py::TestBytecodeComparator::test_compare_different_data_values FAILED [ 73%]
vcdecomp/tests/validation/test_bytecode_compare.py::TestBytecodeComparator::test_compare_different_entry_points PASSED [ 74%]
vcdecomp/tests/validation/test_bytecode_compare.py::TestBytecodeComparator::test_compare_different_instruction_counts FAILED [ 74%]
vcdecomp/tests/validation/test_bytecode_compare.py::TestBytecodeComparator::test_compare_different_opcodes FAILED [ 74%]
vcdecomp/tests/validation/test_bytecode_compare.py::TestBytecodeComparator::test_compare_different_parameter_counts PASSED [ 75%]
vcdecomp/tests/validation/test_bytecode_compare.py::TestBytecodeComparator::test_compare_different_xfn_counts FAILED [ 75%]
vcdecomp/tests/validation/test_bytecode_compare.py::TestBytecodeComparator::test_compare_different_xfn_names FAILED [ 75%]
vcdecomp/tests/validation/test_bytecode_compare.py::TestBytecodeComparator::test_compare_different_xfn_signatures FAILED [ 76%]
vcdecomp/tests/validation/test_bytecode_compare.py::TestBytecodeComparator::test_compare_identical_files FAILED [ 76%]
vcdecomp/tests/validation/test_bytecode_compare.py::TestCompareFilesIntegration::test_compare_files_load_error_original PASSED [ 77%]
vcdecomp/tests/validation/test_bytecode_compare.py::TestCompareFilesIntegration::test_compare_files_load_error_recompiled PASSED [ 77%]
vcdecomp/tests/validation/test_bytecode_compare.py::TestCompareFilesIntegration::test_compare_files_success FAILED [ 77%]
vcdecomp/tests/validation/test_bytecode_compare.py::TestDifferenceCategorization::test_categorize_cosmetic_difference PASSED [ 78%]
vcdecomp/tests/validation/test_bytecode_compare.py::TestDifferenceCategorization::test_categorize_optimization_difference PASSED [ 78%]
vcdecomp/tests/validation/test_bytecode_compare.py::TestDifferenceCategorization::test_categorize_semantic_difference PASSED [ 78%]
vcdecomp/tests/validation/test_bytecode_compare.py::TestDifferenceCategorization::test_get_cosmetic_differences PASSED [ 79%]
vcdecomp/tests/validation/test_bytecode_compare.py::TestDifferenceCategorization::test_get_semantic_differences PASSED [ 79%]
vcdecomp/tests/validation/test_bytecode_compare.py::TestDifferenceCategorizer::test_categorize_alignment_cosmetic PASSED [ 79%]
vcdecomp/tests/validation/test_bytecode_compare.py::TestDifferenceCategorizer::test_categorize_by_explicit_category PASSED [ 80%]
vcdecomp/tests/validation/test_bytecode_compare.py::TestDifferenceCategorizer::test_categorize_critical_semantic PASSED [ 80%]
vcdecomp/tests/validation/test_bytecode_compare.py::TestDifferenceCategorizer::test_categorize_equivalent_optimization PASSED [ 81%]
vcdecomp/tests/validation/test_compiler_wrapper.py::TestBaseCompiler::test_cleanup_force PASSED [ 81%]
vcdecomp/tests/validation/test_compiler_wrapper.py::TestBaseCompiler::test_cleanup_on_failure PASSED [ 81%]
vcdecomp/tests/validation/test_compiler_wrapper.py::TestBaseCompiler::test_cleanup_on_success PASSED [ 82%]
vcdecomp/tests/validation/test_compiler_wrapper.py::TestBaseCompiler::test_context_manager_exception PASSED [ 82%]
vcdecomp/tests/validation/test_compiler_wrapper.py::TestBaseCompiler::test_context_manager_success PASSED [ 82%]
vcdecomp/tests/validation/test_compiler_wrapper.py::TestBaseCompiler::test_execute_exception PASSED [ 83%]
vcdecomp/tests/validation/test_compiler_wrapper.py::TestBaseCompiler::test_execute_failure PASSED [ 83%]
vcdecomp/tests/validation/test_compiler_wrapper.py::TestBaseCompiler::test_execute_success PASSED [ 83%]
vcdecomp/tests/validation/test_compiler_wrapper.py::TestBaseCompiler::test_execute_timeout PASSED [ 84%]
vcdecomp/tests/validation/test_compiler_wrapper.py::TestBaseCompiler::test_init_with_invalid_executable PASSED [ 84%]
vcdecomp/tests/validation/test_compiler_wrapper.py::TestBaseCompiler::test_init_with_valid_executable PASSED [ 85%]
vcdecomp/tests/validation/test_compiler_wrapper.py::TestBaseCompiler::test_no_cleanup_on_success PASSED [ 85%]
vcdecomp/tests/validation/test_compiler_wrapper.py::TestBaseCompiler::test_working_dir_creation PASSED [ 85%]
vcdecomp/tests/validation/test_compiler_wrapper.py::TestBaseCompiler::test_working_dir_provided PASSED [ 86%]
vcdecomp/tests/validation/test_compiler_wrapper.py::TestErrorFileParsing::test_parse_error_file_empty PASSED [ 86%]
vcdecomp/tests/validation/test_compiler_wrapper.py::TestErrorFileParsing::test_parse_error_file_fatal PASSED [ 86%]
vcdecomp/tests/validation/test_compiler_wrapper.py::TestErrorFileParsing::test_parse_error_file_format1 PASSED [ 87%]
vcdecomp/tests/validation/test_compiler_wrapper.py::TestErrorFileParsing::test_parse_error_file_format2 PASSED [ 87%]
vcdecomp/tests/validation/test_compiler_wrapper.py::TestErrorFileParsing::test_parse_error_file_nonexistent PASSED [ 87%]
vcdecomp/tests/validation/test_compiler_wrapper.py::TestErrorFileParsing::test_parse_error_file_unstructured PASSED [ 88%]
vcdecomp/tests/validation/test_compiler_wrapper.py::TestErrorFileParsing::test_parse_error_file_warning PASSED [ 88%]
vcdecomp/tests/validation/test_compiler_wrapper.py::TestSCMPWrapper::test_compile_missing_source PASSED [ 89%]
vcdecomp/tests/validation/test_compiler_wrapper.py::TestSCMPWrapper::test_compile_success PASSED [ 89%]
vcdecomp/tests/validation/test_compiler_wrapper.py::TestSCMPWrapper::test_compile_with_errors FAILED [ 89%]
vcdecomp/tests/validation/test_compiler_wrapper.py::TestSCMPWrapper::test_compile_with_header PASSED [ 90%]
vcdecomp/tests/validation/test_compiler_wrapper.py::TestSCMPWrapper::test_compile_with_includes PASSED [ 90%]
vcdecomp/tests/validation/test_compiler_wrapper.py::TestSPPWrapper::test_preprocess_missing_source PASSED [ 90%]
vcdecomp/tests/validation/test_compiler_wrapper.py::TestSPPWrapper::test_preprocess_success PASSED [ 91%]
vcdecomp/tests/validation/test_compiler_wrapper.py::TestSPPWrapper::test_preprocess_with_includes PASSED [ 91%]
vcdecomp/tests/validation/test_compiler_wrapper.py::TestSCCWrapper::test_compile_success PASSED [ 91%]
vcdecomp/tests/validation/test_compiler_wrapper.py::TestSCCWrapper::test_compile_with_debug PASSED [ 92%]
vcdecomp/tests/validation/test_compiler_wrapper.py::TestSASMWrapper::test_assemble_missing_source PASSED [ 92%]
vcdecomp/tests/validation/test_compiler_wrapper.py::TestSASMWrapper::test_assemble_success PASSED [ 93%]
vcdecomp/tests/validation/test_compiler_wrapper.py::TestSASMWrapper::test_assemble_with_header PASSED [ 93%]
vcdecomp/tests/validation/test_validation_workflow.py::TestValidationWorkflowBasic::test_full_validation_workflow_with_mocked_compilation SKIPPED [ 93%]
vcdecomp/tests/validation/test_validation_workflow.py::TestValidationWorkflowBasic::test_validation_orchestrator_initialization PASSED [ 94%]
vcdecomp/tests/validation/test_validation_workflow.py::TestValidationWorkflowBasic::test_validation_orchestrator_invalid_compiler_dir PASSED [ 94%]
vcdecomp/tests/validation/test_validation_workflow.py::TestValidationWorkflowBasic::test_validation_with_compilation_error_mocked SKIPPED [ 94%]
vcdecomp/tests/validation/test_validation_workflow.py::TestValidationWorkflowBasic::test_validation_with_missing_original_scr PASSED [ 95%]
vcdecomp/tests/validation/test_validation_workflow.py::TestValidationWorkflowBasic::test_validation_with_missing_source_file PASSED [ 95%]
vcdecomp/tests/validation/test_validation_workflow.py::TestReportGeneration::test_generate_html_report FAILED [ 95%]
vcdecomp/tests/validation/test_validation_workflow.py::TestReportGeneration::test_generate_json_report FAILED [ 96%]
vcdecomp/tests/validation/test_validation_workflow.py::TestReportGeneration::test_generate_text_report FAILED [ 96%]
vcdecomp/tests/validation/test_validation_workflow.py::TestReportGeneration::test_save_report_auto_detect_format PASSED [ 97%]
vcdecomp/tests/validation/test_validation_workflow.py::TestReportGeneration::test_save_report_html PASSED [ 97%]
vcdecomp/tests/validation/test_validation_workflow.py::TestReportGeneration::test_save_report_json PASSED [ 97%]
vcdecomp/tests/validation/test_validation_workflow.py::TestReportGeneration::test_save_report_text PASSED [ 98%]
vcdecomp/tests/validation/test_validation_workflow.py::TestValidationCache::test_cache_disabled PASSED [ 98%]
vcdecomp/tests/validation/test_validation_workflow.py::TestValidationCache::test_cache_invalidates_on_source_change PASSED [ 98%]
vcdecomp/tests/validation/test_validation_workflow.py::TestValidationCache::test_cache_stores_and_retrieves_results PASSED [ 99%]
vcdecomp/tests/validation/test_validation_workflow.py::TestErrorRecovery::test_graceful_handling_of_comparison_exception FAILED [ 99%]
vcdecomp/tests/validation/test_validation_workflow.py::TestErrorRecovery::test_validation_result_has_recommendations PASSED [100%]

================================== FAILURES ===================================
_____________________ TestSimpleOR.test_simple_or_pattern _____________________
vcdecomp\tests\test_compound_conditions.py:124: in test_simple_or_pattern
    self.assertIsNotNone(result, "Should detect OR pattern")
E   AssertionError: unexpectedly None : Should detect OR pattern
____________________ TestSimpleAND.test_simple_and_pattern ____________________
vcdecomp\tests\test_compound_conditions.py:176: in test_simple_and_pattern
    self.assertIsNotNone(result, "Should detect AND pattern")
E   AssertionError: unexpectedly None : Should detect AND pattern
___________________ TestCombinedANDOR.test_tdm_scr_pattern ____________________
vcdecomp\tests\test_compound_conditions.py:248: in test_tdm_scr_pattern
    self.assertIsNotNone(result, "Should detect compound (A&&B)||(C&&D) pattern")
E   AssertionError: unexpectedly None : Should detect compound (A&&B)||(C&&D) pattern
__________________ TestDecompilationPipeline.test_cfg_stage ___________________
vcdecomp\tests\test_integration_pipeline.py:46: in setUp
    self.assertGreater(len(self.test_files), 0, "No test SCR files found")
E   AssertionError: 0 not greater than 0 : No test SCR files found
_________ TestDecompilationPipeline.test_complete_pipeline_all_files __________
vcdecomp\tests\test_integration_pipeline.py:46: in setUp
    self.assertGreater(len(self.test_files), 0, "No test SCR files found")
E   AssertionError: 0 not greater than 0 : No test SCR files found
___________ TestDecompilationPipeline.test_complete_pipeline_simple ___________
vcdecomp\tests\test_integration_pipeline.py:46: in setUp
    self.assertGreater(len(self.test_files), 0, "No test SCR files found")
E   AssertionError: 0 not greater than 0 : No test SCR files found
______________ TestDecompilationPipeline.test_disassembly_stage _______________
vcdecomp\tests\test_integration_pipeline.py:46: in setUp
    self.assertGreater(len(self.test_files), 0, "No test SCR files found")
E   AssertionError: 0 not greater than 0 : No test SCR files found
_________ TestDecompilationPipeline.test_expression_formatting_stage __________
vcdecomp\tests\test_integration_pipeline.py:46: in setUp
    self.assertGreater(len(self.test_files), 0, "No test SCR files found")
E   AssertionError: 0 not greater than 0 : No test SCR files found
_________________ TestDecompilationPipeline.test_loader_stage _________________
vcdecomp\tests\test_integration_pipeline.py:46: in setUp
    self.assertGreater(len(self.test_files), 0, "No test SCR files found")
E   AssertionError: 0 not greater than 0 : No test SCR files found
_______________ TestDecompilationPipeline.test_output_validity ________________
vcdecomp\tests\test_integration_pipeline.py:46: in setUp
    self.assertGreater(len(self.test_files), 0, "No test SCR files found")
E   AssertionError: 0 not greater than 0 : No test SCR files found
________ TestDecompilationPipeline.test_pattern_detection_integration _________
vcdecomp\tests\test_integration_pipeline.py:46: in setUp
    self.assertGreater(len(self.test_files), 0, "No test SCR files found")
E   AssertionError: 0 not greater than 0 : No test SCR files found
________ TestDecompilationPipeline.test_refactored_modules_integration ________
vcdecomp\tests\test_integration_pipeline.py:46: in setUp
    self.assertGreater(len(self.test_files), 0, "No test SCR files found")
E   AssertionError: 0 not greater than 0 : No test SCR files found
__________________ TestDecompilationPipeline.test_ssa_stage ___________________
vcdecomp\tests\test_integration_pipeline.py:46: in setUp
    self.assertGreater(len(self.test_files), 0, "No test SCR files found")
E   AssertionError: 0 not greater than 0 : No test SCR files found
_____________ TestDecompilationPipeline.test_stack_lifting_stage ______________
vcdecomp\tests\test_integration_pipeline.py:46: in setUp
    self.assertGreater(len(self.test_files), 0, "No test SCR files found")
E   AssertionError: 0 not greater than 0 : No test SCR files found
___________ TestDecompilationPipeline.test_structured_output_stage ____________
vcdecomp\tests\test_integration_pipeline.py:46: in setUp
    self.assertGreater(len(self.test_files), 0, "No test SCR files found")
E   AssertionError: 0 not greater than 0 : No test SCR files found
___________ TestCollectLocalVariables.test_collect_simple_variables ___________
vcdecomp\tests\test_structure_analysis.py:735: in test_collect_simple_variables
    result = _collect_local_variables(ssa_func, {1}, self.formatter)
             ^^^^^^^^^^^^^^^^^^^^^^^^^^^^^^^^^^^^^^^^^^^^^^^^^^^^^^^
vcdecomp\core\ir\structure\analysis\variables.py:464: in _collect_local_variables
    cfg = ssa_func.cfg
          ^^^^^^^^^^^^
E   AttributeError: 'MockSSAFunction' object has no attribute 'cfg'
_________________ TestCollectLocalVariables.test_skip_globals _________________
vcdecomp\tests\test_structure_analysis.py:762: in test_skip_globals
    result = _collect_local_variables(ssa_func, {1}, self.formatter)
             ^^^^^^^^^^^^^^^^^^^^^^^^^^^^^^^^^^^^^^^^^^^^^^^^^^^^^^^
vcdecomp\core\ir\structure\analysis\variables.py:464: in _collect_local_variables
    cfg = ssa_func.cfg
          ^^^^^^^^^^^^
E   AttributeError: 'MockSSAFunction' object has no attribute 'cfg'
_______________ TestCollectLocalVariables.test_skip_parameters ________________
vcdecomp\tests\test_structure_analysis.py:747: in test_skip_parameters
    result = _collect_local_variables(ssa_func, {1}, self.formatter)
             ^^^^^^^^^^^^^^^^^^^^^^^^^^^^^^^^^^^^^^^^^^^^^^^^^^^^^^^
vcdecomp\core\ir\structure\analysis\variables.py:464: in _collect_local_variables
    cfg = ssa_func.cfg
          ^^^^^^^^^^^^
E   AttributeError: 'MockSSAFunction' object has no attribute 'cfg'
_________________ test_decompilation_validation[tt-turntable] _________________
vcdecomp\tests\test_validation.py:194: in test_decompilation_validation
    pytest.fail(
E   Failed: Compilation failed with 0 errors. First error: Unknown
---------------------------- Captured stdout call -----------------------------

================================================================================
Testing: test1/tt
================================================================================

[1/3] Decompiling tt.scr...
  X Function func_0294 failed: AttributeError
  X Function func_0355 failed: AttributeError
  X Function func_1028 failed: AttributeError
  X Function ScriptMain failed: AttributeError
OK Decompiled to: C:\Users\flori\AppData\Local\Temp\pytest-of-flori\pytest-24\test_decompilation_validation_0\test1_tt_decompiled.c
  Functions: 11/15 succeeded
  Partial decompilation: 4 function(s) failed
  Size: 6112 bytes

[2/3] Compiling and comparing bytecode...

[3/3] Validation results:
================================================================================
Verdict: FAIL
Original:    decompiler_source_tests\test1\tt.scr
Decompiled:  C:\Users\flori\AppData\Local\Temp\pytest-of-flori\pytest-24\test_decompilation_validation_0\test1_tt_decompiled.c
================================================================================

================================================================================
COMPILATION ERROR ANALYSIS
================================================================================

Error breakdown: {'syntax': 0, 'semantic': 0, 'type': 0, 'include': 0, 'other': 0}
Total errors: 0

First 3 errors:

X test1/tt: COMPILATION FAILED
---------------------------- Captured stderr call -----------------------------
DEBUG: _init entry=0 end=49 blocks=1\nDEBUG FieldTracker: _init param_0 detected as s_SC_NET_info\nDEBUG FieldTracker: Checking func_name='SC_MP_SRV_GetAtgSettings' (from 'SC_MP_SRV_GetAtgSettings(*s_SC_MP_SRV_AtgSettings)void')\nDEBUG FieldTracker: Found known function SC_MP_SRV_GetAtgSettings, scanning for LADR\nDEBUG FieldTracker: local_1 detected as s_SC_MP_SRV_AtgSettings (from SC_MP_SRV_GetAtgSettings, param 0)\nDEBUG FieldTracker: Checking func_name='SC_MP_SRV_GetAtgSettings' (from 'SC_MP_SRV_GetAtgSettings(*s_SC_MP_SRV_AtgSettings)void')\nDEBUG FieldTracker: Found known function SC_MP_SRV_GetAtgSettings, scanning for LADR\nDEBUG FieldTracker: Checking func_name='SC_MP_SRV_GetAtgSettings' (from 'SC_MP_SRV_GetAtgSettings(*s_SC_MP_SRV_AtgSettings)void')\nDEBUG FieldTracker: Found known function SC_MP_SRV_GetAtgSettings, scanning for LADR\nDEBUG FieldTracker: Checking func_name='SC_P_GetInfo' (from 'SC_P_GetInfo(unsignedlong,*s_SC_P_getinfo)void')\nDEBUG FieldTracker: Found known function SC_P_GetInfo, scanning for LADR\nDEBUG FieldTracker: Found known function SC_MP_EnumPlayers, scanning for LADR\nDEBUG FieldTracker: local_265 detected as s_SC_MP_EnumPlayers (from SC_MP_EnumPlayers, param 0)\nDEBUG FieldTracker: Found known function SC_MP_EnumPlayers, scanning for LADR\nDEBUG FieldTracker: local_257 detected as s_SC_MP_EnumPlayers (from SC_MP_EnumPlayers, param 0)\nDEBUG FieldTracker: Found known function SC_MP_EnumPlayers, scanning for LADR\nDEBUG FieldTracker: local_296 detected as s_SC_MP_EnumPlayers (from SC_MP_EnumPlayers, param 0)\nDEBUG FieldTracker: Found known function SC_P_GetPos, scanning for LADR\nDEBUG FieldTracker: local_311 detected as c_Vector3 (from SC_P_GetPos, param 1)\nDEBUG FieldTracker: Found known function SC_MP_SetIconHUD, scanning for LADR\nDEBUG FieldTracker: local_299 detected as s_SC_HUD_MP_icon (from SC_MP_SetIconHUD, param 0)\nDEBUG FieldTracker: Found known function SC_MP_GetSRVsettings, scanning for LADR\nDEBUG FieldTracker: local_285 detected as s_SC_MP_SRV_settings (from SC_MP_GetSRVsettings, param 0)\nDEBUG FieldTracker: Found known function SC_MP_HUD_SetTabInfo, scanning for LADR\nDEBUG FieldTracker: local_14 detected as s_SC_MP_hud (from SC_MP_HUD_SetTabInfo, param 0)\nDEBUG FieldTracker: Checking func_name='SC_P_GetInfo' (from 'SC_P_GetInfo(unsignedlong,*s_SC_P_getinfo)void')\nDEBUG FieldTracker: Found known function SC_P_GetInfo, scanning for LADR\nDEBUG FieldTracker: Checking func_name='SC_P_GetInfo' (from 'SC_P_GetInfo(unsignedlong,*s_SC_P_getinfo)void')\nDEBUG FieldTracker: Found known function SC_P_GetInfo, scanning for LADR\nDEBUG Propagate: Completed in 1 iterations, tracking 17 struct variables\nDEBUG PNT: SUCCESS - base=&local_1, struct=s_SC_MP_SRV_AtgSettings, offset=4, field=tt_respawntime\nDEBUG FieldTracker: Found PNT pattern: t126_0 = &local_1.field at offset 4\nDEBUG PNT: SUCCESS - base=&local_1, struct=s_SC_MP_SRV_AtgSettings, offset=4, field=tt_respawntime\nDEBUG FieldTracker: Found PNT pattern: t132_0 = &local_1.field at offset 4\nDEBUG PNT: SUCCESS - base=&local_1, struct=s_SC_MP_SRV_AtgSettings, offset=4, field=tt_respawntime\nDEBUG FieldTracker: Found PNT pattern: t162_0 = &local_1.field at offset 4\nDEBUG PNT: SUCCESS - base=&local_1, struct=s_SC_MP_SRV_AtgSettings, offset=4, field=tt_respawntime\nDEBUG FieldTracker: Found PNT pattern: t168_0 = &local_1.field at offset 4\nDEBUG PNT: SUCCESS - base=&local_1, struct=s_SC_MP_SRV_AtgSettings, offset=8, field=tt_timelimit\nDEBUG FieldTracker: Found PNT pattern: t220_0 = &local_1.field at offset 8\nDEBUG PNT: SUCCESS - base=&local_1, struct=s_SC_MP_SRV_AtgSettings, offset=8, field=tt_timelimit\nDEBUG FieldTracker: Found PNT pattern: t226_0 = &local_1.field at offset 8\nDEBUG PNT: Rejected - base_var '&local_2' not in var_struct_types ['param_0', 'local_1', '&local_1', 'local_265', '&local_265', 'local_257', '&local_257', 'local_296', '&local_296', 'local_311', '&local_311', 'local_299', '&local_299', 'local_285', '&local_285', 'local_14', '&local_14']\nDEBUG PNT: Rejected - base_var '&local_2' not in var_struct_types ['param_0', 'local_1', '&local_1', 'local_265', '&local_265', 'local_257', '&local_257', 'local_296', '&local_296', 'local_311', '&local_311', 'local_299', '&local_299', 'local_285', '&local_285', 'local_14', '&local_14']\nDEBUG PNT: Rejected - base_var 't959_0' not in var_struct_types ['param_0', 'local_1', '&local_1', 'local_265', '&local_265', 'local_257', '&local_257', 'local_296', '&local_296', 'local_311', '&local_311', 'local_299', '&local_299', 'local_285', '&local_285', 'local_14', '&local_14']\nDEBUG PNT: Rejected - base_var 't1073_0' not in var_struct_types ['param_0', 'local_1', '&local_1', 'local_265', '&local_265', 'local_257', '&local_257', 'local_296', '&local_296', 'local_311', '&local_311', 'local_299', '&local_299', 'local_285', '&local_285', 'local_14', '&local_14']\nDEBUG PNT: Rejected - base_var 't1203_0' not in var_struct_types ['param_0', 'local_1', '&local_1', 'local_265', '&local_265', 'local_257', '&local_257', 'local_296', '&local_296', 'local_311', '&local_311', 'local_299', '&local_299', 'local_285', '&local_285', 'local_14', '&local_14']\nDEBUG PNT: Rejected - base_var 't1213_0' not in var_struct_types ['param_0', 'local_1', '&local_1', 'local_265', '&local_265', 'local_257', '&local_257', 'local_296', '&local_296', 'local_311', '&local_311', 'local_299', '&local_299', 'local_285', '&local_285', 'local_14', '&local_14']\nDEBUG PNT: Rejected - base_var 't1225_0' not in var_struct_types ['param_0', 'local_1', '&local_1', 'local_265', '&local_265', 'local_257', '&local_257', 'local_296', '&local_296', 'local_311', '&local_311', 'local_299', '&local_299', 'local_285', '&local_285', 'local_14', '&local_14']\nDEBUG PNT: Rejected - base_var 't1525_0' not in var_struct_types ['param_0', 'local_1', '&local_1', 'local_265', '&local_265', 'local_257', '&local_257', 'local_296', '&local_296', 'local_311', '&local_311', 'local_299', '&local_299', 'local_285', '&local_285', 'local_14', '&local_14']\nDEBUG PNT: Rejected - base_var 't1535_0' not in var_struct_types ['param_0', 'local_1', '&local_1', 'local_265', '&local_265', 'local_257', '&local_257', 'local_296', '&local_296', 'local_311', '&local_311', 'local_299', '&local_299', 'local_285', '&local_285', 'local_14', '&local_14']\nDEBUG PNT: Rejected - base_var 't1572_0' not in var_struct_types ['param_0', 'local_1', '&local_1', 'local_265', '&local_265', 'local_257', '&local_257', 'local_296', '&local_296', 'local_311', '&local_311', 'local_299', '&local_299', 'local_285', '&local_285', 'local_14', '&local_14']\nDEBUG PNT: Rejected - base_var '&local_413' not in var_struct_types ['param_0', 'local_1', '&local_1', 'local_265', '&local_265', 'local_257', '&local_257', 'local_296', '&local_296', 'local_311', '&local_311', 'local_299', '&local_299', 'local_285', '&local_285', 'local_14', '&local_14']\nDEBUG PNT: Rejected - base_var '&local_413' not in var_struct_types ['param_0', 'local_1', '&local_1', 'local_265', '&local_265', 'local_257', '&local_257', 'local_296', '&local_296', 'local_311', '&local_311', 'local_299', '&local_299', 'local_285', '&local_285', 'local_14', '&local_14']\nDEBUG FieldTracker: Scanned 92 DCP instructions, found 18 PNT patterns, 25 DADR patterns\nDEBUG SWITCH: ScriptMain area blocks (1090-1200): [164, 165, 166, 167, 168, 169, 170, 171, 172, 173, 174, 175, 176, 177]\nDEBUG SWITCH: ScriptMain blocks in func_block_ids: []\nDEBUG SWITCH: ScriptMain blocks MISSING from func_block_ids: [164, 165, 166, 167, 168, 169, 170, 171, 172, 173, 174, 175, 176, 177]\nDEBUG SWITCH:   Block 164: start=1096, end=1096, preds=2\nDEBUG SWITCH:   Block 165: start=1097, end=1122, preds=0\nDEBUG SWITCH:   Block 166: start=1123, end=1123, preds=0\nDEBUG SWITCH:   Block 167: start=1124, end=1127, preds=1\nDEBUG SWITCH:   Block 168: start=1128, end=1136, preds=2\nDEBUG SWITCH:   Block 169: start=1137, end=1137, preds=1\nDEBUG SWITCH:   Block 170: start=1138, end=1160, preds=1\nDEBUG SWITCH:   Block 171: start=1161, end=1164, preds=1\nDEBUG SWITCH:   Block 172: start=1165, end=1176, preds=1\nDEBUG SWITCH:   Block 173: start=1177, end=1177, preds=1\nDEBUG SWITCH:   Block 174: start=1178, end=1190, preds=1\nDEBUG SWITCH:   Block 175: start=1191, end=1194, preds=2\nDEBUG SWITCH:   Block 176: start=1195, end=1198, preds=1\nDEBUG SWITCH:   Block 177: start=1199, end=1208, preds=1\nDEBUG SWITCH: Checking block 0 for switch pattern (start addr: 0)\nDEBUG variables.py: formatter._var_struct_types has 17 entries\nDEBUG variables.py: Imported local_1 -> s_SC_MP_SRV_AtgSettings (confidence=0.9, source=field_tracker)\nDEBUG variables.py: Imported local_1 -> s_SC_MP_SRV_AtgSettings (confidence=0.9, source=field_tracker)\nDEBUG variables.py: Imported local_265 -> s_SC_MP_EnumPlayers (confidence=0.9, source=field_tracker)\nDEBUG variables.py: Imported local_265 -> s_SC_MP_EnumPlayers (confidence=0.9, source=field_tracker)\nDEBUG variables.py: Imported local_257 -> s_SC_MP_EnumPlayers (confidence=0.9, source=field_tracker)\nDEBUG variables.py: Imported local_257 -> s_SC_MP_EnumPlayers (confidence=0.9, source=field_tracker)\nDEBUG variables.py: Imported local_296 -> s_SC_MP_EnumPlayers (confidence=0.9, source=field_tracker)\nDEBUG variables.py: Imported local_296 -> s_SC_MP_EnumPlayers (confidence=0.9, source=field_tracker)\nDEBUG variables.py: Imported local_311 -> c_Vector3 (confidence=0.9, source=field_tracker)\nDEBUG variables.py: Imported local_311 -> c_Vector3 (confidence=0.9, source=field_tracker)\nDEBUG variables.py: Imported local_299 -> s_SC_HUD_MP_icon (confidence=0.9, source=field_tracker)\nDEBUG variables.py: Imported local_299 -> s_SC_HUD_MP_icon (confidence=0.9, source=field_tracker)\nDEBUG variables.py: Imported local_285 -> s_SC_MP_SRV_settings (confidence=0.9, source=field_tracker)\nDEBUG variables.py: Imported local_285 -> s_SC_MP_SRV_settings (confidence=0.9, source=field_tracker)\nDEBUG variables.py: Imported local_14 -> s_SC_MP_hud (confidence=0.9, source=field_tracker)\nDEBUG variables.py: Imported local_14 -> s_SC_MP_hud (confidence=0.9, source=field_tracker)\nDEBUG variables.py: Added field_tracker var local_1 -> s_SC_MP_SRV_AtgSettings\nDEBUG variables.py: Added field_tracker var local_265 -> s_SC_MP_EnumPlayers\nDEBUG variables.py: Added field_tracker var local_257 -> s_SC_MP_EnumPlayers\nDEBUG variables.py: Added field_tracker var local_296 -> s_SC_MP_EnumPlayers\nDEBUG variables.py: Added field_tracker var local_311 -> c_Vector3\nDEBUG variables.py: Added field_tracker var local_299 -> s_SC_HUD_MP_icon\nDEBUG variables.py: Added field_tracker var local_285 -> s_SC_MP_SRV_settings\nDEBUG variables.py: Added field_tracker var local_14 -> s_SC_MP_hud\nDEBUG: func_0050 entry=50 end=118 blocks=16\nDEBUG FieldTracker: Checking func_name='SC_MP_SRV_GetAtgSettings' (from 'SC_MP_SRV_GetAtgSettings(*s_SC_MP_SRV_AtgSettings)void')\nDEBUG FieldTracker: Found known function SC_MP_SRV_GetAtgSettings, scanning for LADR\nDEBUG FieldTracker: local_1 detected as s_SC_MP_SRV_AtgSettings (from SC_MP_SRV_GetAtgSettings, param 0)\nDEBUG FieldTracker: Checking func_name='SC_MP_SRV_GetAtgSettings' (from 'SC_MP_SRV_GetAtgSettings(*s_SC_MP_SRV_AtgSettings)void')\nDEBUG FieldTracker: Found known function SC_MP_SRV_GetAtgSettings, scanning for LADR\nDEBUG FieldTracker: Checking func_name='SC_MP_SRV_GetAtgSettings' (from 'SC_MP_SRV_GetAtgSettings(*s_SC_MP_SRV_AtgSettings)void')\nDEBUG FieldTracker: Found known function SC_MP_SRV_GetAtgSettings, scanning for LADR\nDEBUG FieldTracker: Checking func_name='SC_P_GetInfo' (from 'SC_P_GetInfo(unsignedlong,*s_SC_P_getinfo)void')\nDEBUG FieldTracker: Found known function SC_P_GetInfo, scanning for LADR\nDEBUG FieldTracker: Found known function SC_MP_EnumPlayers, scanning for LADR\nDEBUG FieldTracker: local_265 detected as s_SC_MP_EnumPlayers (from SC_MP_EnumPlayers, param 0)\nDEBUG FieldTracker: Found known function SC_MP_EnumPlayers, scanning for LADR\nDEBUG FieldTracker: local_257 detected as s_SC_MP_EnumPlayers (from SC_MP_EnumPlayers, param 0)\nDEBUG FieldTracker: Found known function SC_MP_EnumPlayers, scanning for LADR\nDEBUG FieldTracker: local_296 detected as s_SC_MP_EnumPlayers (from SC_MP_EnumPlayers, param 0)\nDEBUG FieldTracker: Found known function SC_P_GetPos, scanning for LADR\nDEBUG FieldTracker: local_311 detected as c_Vector3 (from SC_P_GetPos, param 1)\nDEBUG FieldTracker: Found known function SC_MP_SetIconHUD, scanning for LADR\nDEBUG FieldTracker: local_299 detected as s_SC_HUD_MP_icon (from SC_MP_SetIconHUD, param 0)\nDEBUG FieldTracker: Found known function SC_MP_GetSRVsettings, scanning for LADR\nDEBUG FieldTracker: local_285 detected as s_SC_MP_SRV_settings (from SC_MP_GetSRVsettings, param 0)\nDEBUG FieldTracker: Found known function SC_MP_HUD_SetTabInfo, scanning for LADR\nDEBUG FieldTracker: local_14 detected as s_SC_MP_hud (from SC_MP_HUD_SetTabInfo, param 0)\nDEBUG FieldTracker: Checking func_name='SC_P_GetInfo' (from 'SC_P_GetInfo(unsignedlong,*s_SC_P_getinfo)void')\nDEBUG FieldTracker: Found known function SC_P_GetInfo, scanning for LADR\nDEBUG FieldTracker: Checking func_name='SC_P_GetInfo' (from 'SC_P_GetInfo(unsignedlong,*s_SC_P_getinfo)void')\nDEBUG FieldTracker: Found known function SC_P_GetInfo, scanning for LADR\nDEBUG Propagate: Completed in 1 iterations, tracking 16 struct variables\nDEBUG PNT: SUCCESS - base=&local_1, struct=s_SC_MP_SRV_AtgSettings, offset=4, field=tt_respawntime\nDEBUG FieldTracker: Found PNT pattern: t126_0 = &local_1.field at offset 4\nDEBUG PNT: SUCCESS - base=&local_1, struct=s_SC_MP_SRV_AtgSettings, offset=4, field=tt_respawntime\nDEBUG FieldTracker: Found PNT pattern: t132_0 = &local_1.field at offset 4\nDEBUG PNT: SUCCESS - base=&local_1, struct=s_SC_MP_SRV_AtgSettings, offset=4, field=tt_respawntime\nDEBUG FieldTracker: Found PNT pattern: t162_0 = &local_1.field at offset 4\nDEBUG PNT: SUCCESS - base=&local_1, struct=s_SC_MP_SRV_AtgSettings, offset=4, field=tt_respawntime\nDEBUG FieldTracker: Found PNT pattern: t168_0 = &local_1.field at offset 4\nDEBUG PNT: SUCCESS - base=&local_1, struct=s_SC_MP_SRV_AtgSettings, offset=8, field=tt_timelimit\nDEBUG FieldTracker: Found PNT pattern: t220_0 = &local_1.field at offset 8\nDEBUG PNT: SUCCESS - base=&local_1, struct=s_SC_MP_SRV_AtgSettings, offset=8, field=tt_timelimit\nDEBUG FieldTracker: Found PNT pattern: t226_0 = &local_1.field at offset 8\nDEBUG PNT: Rejected - base_var '&local_2' not in var_struct_types ['local_1', '&local_1', 'local_265', '&local_265', 'local_257', '&local_257', 'local_296', '&local_296', 'local_311', '&local_311', 'local_299', '&local_299', 'local_285', '&local_285', 'local_14', '&local_14']\nDEBUG PNT: Rejected - base_var '&local_2' not in var_struct_types ['local_1', '&local_1', 'local_265', '&local_265', 'local_257', '&local_257', 'local_296', '&local_296', 'local_311', '&local_311', 'local_299', '&local_299', 'local_285', '&local_285', 'local_14', '&local_14']\nDEBUG PNT: Rejected - base_var 't959_0' not in var_struct_types ['local_1', '&local_1', 'local_265', '&local_265', 'local_257', '&local_257', 'local_296', '&local_296', 'local_311', '&local_311', 'local_299', '&local_299', 'local_285', '&local_285', 'local_14', '&local_14']\nDEBUG PNT: Rejected - base_var 't1073_0' not in var_struct_types ['local_1', '&local_1', 'local_265', '&local_265', 'local_257', '&local_257', 'local_296', '&local_296', 'local_311', '&local_311', 'local_299', '&local_299', 'local_285', '&local_285', 'local_14', '&local_14']\nDEBUG PNT: Rejected - base_var 't1203_0' not in var_struct_types ['local_1', '&local_1', 'local_265', '&local_265', 'local_257', '&local_257', 'local_296', '&local_296', 'local_311', '&local_311', 'local_299', '&local_299', 'local_285', '&local_285', 'local_14', '&local_14']\nDEBUG PNT: Rejected - base_var 't1213_0' not in var_struct_types ['local_1', '&local_1', 'local_265', '&local_265', 'local_257', '&local_257', 'local_296', '&local_296', 'local_311', '&local_311', 'local_299', '&local_299', 'local_285', '&local_285', 'local_14', '&local_14']\nDEBUG PNT: Rejected - base_var 't1225_0' not in var_struct_types ['local_1', '&local_1', 'local_265', '&local_265', 'local_257', '&local_257', 'local_296', '&local_296', 'local_311', '&local_311', 'local_299', '&local_299', 'local_285', '&local_285', 'local_14', '&local_14']\nDEBUG PNT: Rejected - base_var 't1525_0' not in var_struct_types ['local_1', '&local_1', 'local_265', '&local_265', 'local_257', '&local_257', 'local_296', '&local_296', 'local_311', '&local_311', 'local_299', '&local_299', 'local_285', '&local_285', 'local_14', '&local_14']\nDEBUG PNT: Rejected - base_var 't1535_0' not in var_struct_types ['local_1', '&local_1', 'local_265', '&local_265', 'local_257', '&local_257', 'local_296', '&local_296', 'local_311', '&local_311', 'local_299', '&local_299', 'local_285', '&local_285', 'local_14', '&local_14']\nDEBUG PNT: Rejected - base_var 't1572_0' not in var_struct_types ['local_1', '&local_1', 'local_265', '&local_265', 'local_257', '&local_257', 'local_296', '&local_296', 'local_311', '&local_311', 'local_299', '&local_299', 'local_285', '&local_285', 'local_14', '&local_14']\nDEBUG PNT: Rejected - base_var '&local_413' not in var_struct_types ['local_1', '&local_1', 'local_265', '&local_265', 'local_257', '&local_257', 'local_296', '&local_296', 'local_311', '&local_311', 'local_299', '&local_299', 'local_285', '&local_285', 'local_14', '&local_14']\nDEBUG PNT: Rejected - base_var '&local_413' not in var_struct_types ['local_1', '&local_1', 'local_265', '&local_265', 'local_257', '&local_257', 'local_296', '&local_296', 'local_311', '&local_311', 'local_299', '&local_299', 'local_285', '&local_285', 'local_14', '&local_14']\nDEBUG FieldTracker: Scanned 92 DCP instructions, found 18 PNT patterns, 25 DADR patterns\nDEBUG SWITCH: ScriptMain area blocks (1090-1200): [164, 165, 166, 167, 168, 169, 170, 171, 172, 173, 174, 175, 176, 177]\nDEBUG SWITCH: ScriptMain blocks in func_block_ids: []\nDEBUG SWITCH: ScriptMain blocks MISSING from func_block_ids: [164, 165, 166, 167, 168, 169, 170, 171, 172, 173, 174, 175, 176, 177]\nDEBUG SWITCH:   Block 164: start=1096, end=1096, preds=2\nDEBUG SWITCH:   Block 165: start=1097, end=1122, preds=0\nDEBUG SWITCH:   Block 166: start=1123, end=1123, preds=0\nDEBUG SWITCH:   Block 167: start=1124, end=1127, preds=1\nDEBUG SWITCH:   Block 168: start=1128, end=1136, preds=2\nDEBUG SWITCH:   Block 169: start=1137, end=1137, preds=1\nDEBUG SWITCH:   Block 170: start=1138, end=1160, preds=1\nDEBUG SWITCH:   Block 171: start=1161, end=1164, preds=1\nDEBUG SWITCH:   Block 172: start=1165, end=1176, preds=1\nDEBUG SWITCH:   Block 173: start=1177, end=1177, preds=1\nDEBUG SWITCH:   Block 174: start=1178, end=1190, preds=1\nDEBUG SWITCH:   Block 175: start=1191, end=1194, preds=2\nDEBUG SWITCH:   Block 176: start=1195, end=1198, preds=1\nDEBUG SWITCH:   Block 177: start=1199, end=1208, preds=1\nDEBUG SWITCH: Checking block 1 for switch pattern (start addr: 50)\nDEBUG SWITCH: Checking block 3 for switch pattern (start addr: 53)\nDEBUG SWITCH: First case - variable: gEndRule, SSA: t53_0\nDEBUG SWITCH: Checking block 4 for switch pattern (start addr: 57)\nDEBUG SWITCH: Checking block 5 for switch pattern (start addr: 61)\nDEBUG SWITCH: Checking block 6 for switch pattern (start addr: 67)\nDEBUG SWITCH: Checking block 7 for switch pattern (start addr: 76)\nDEBUG SWITCH: Checking block 8 for switch pattern (start addr: 80)\nDEBUG SWITCH: Checking block 11 for switch pattern (start addr: 86)\nDEBUG SWITCH: Checking block 12 for switch pattern (start addr: 93)\nDEBUG SWITCH: Checking block 13 for switch pattern (start addr: 100)\nDEBUG SWITCH: Checking block 14 for switch pattern (start addr: 101)\nDEBUG SWITCH: Checking block 15 for switch pattern (start addr: 105)\nDEBUG SWITCH: Checking block 17 for switch pattern (start addr: 107)\nDEBUG SWITCH: Checking block 19 for switch pattern (start addr: 114)\nDEBUG SWITCH: Checking block 20 for switch pattern (start addr: 115)\nDEBUG variables.py: formatter._var_struct_types has 16 entries\nDEBUG variables.py: Imported local_1 -> s_SC_MP_SRV_AtgSettings (confidence=0.9, source=field_tracker)\nDEBUG variables.py: Imported local_1 -> s_SC_MP_SRV_AtgSettings (confidence=0.9, source=field_tracker)\nDEBUG variables.py: Imported local_265 -> s_SC_MP_EnumPlayers (confidence=0.9, source=field_tracker)\nDEBUG variables.py: Imported local_265 -> s_SC_MP_EnumPlayers (confidence=0.9, source=field_tracker)\nDEBUG variables.py: Imported local_257 -> s_SC_MP_EnumPlayers (confidence=0.9, source=field_tracker)\nDEBUG variables.py: Imported local_257 -> s_SC_MP_EnumPlayers (confidence=0.9, source=field_tracker)\nDEBUG variables.py: Imported local_296 -> s_SC_MP_EnumPlayers (confidence=0.9, source=field_tracker)\nDEBUG variables.py: Imported local_296 -> s_SC_MP_EnumPlayers (confidence=0.9, source=field_tracker)\nDEBUG variables.py: Imported local_311 -> c_Vector3 (confidence=0.9, source=field_tracker)\nDEBUG variables.py: Imported local_311 -> c_Vector3 (confidence=0.9, source=field_tracker)\nDEBUG variables.py: Imported local_299 -> s_SC_HUD_MP_icon (confidence=0.9, source=field_tracker)\nDEBUG variables.py: Imported local_299 -> s_SC_HUD_MP_icon (confidence=0.9, source=field_tracker)\nDEBUG variables.py: Imported local_285 -> s_SC_MP_SRV_settings (confidence=0.9, source=field_tracker)\nDEBUG variables.py: Imported local_285 -> s_SC_MP_SRV_settings (confidence=0.9, source=field_tracker)\nDEBUG variables.py: Imported local_14 -> s_SC_MP_hud (confidence=0.9, source=field_tracker)\nDEBUG variables.py: Imported local_14 -> s_SC_MP_hud (confidence=0.9, source=field_tracker)\nDEBUG variables.py: Added field_tracker var local_1 -> s_SC_MP_SRV_AtgSettings\nDEBUG variables.py: Added field_tracker var local_265 -> s_SC_MP_EnumPlayers\nDEBUG variables.py: Added field_tracker var local_257 -> s_SC_MP_EnumPlayers\nDEBUG variables.py: Added field_tracker var local_296 -> s_SC_MP_EnumPlayers\nDEBUG variables.py: Added field_tracker var local_311 -> c_Vector3\nDEBUG variables.py: Added field_tracker var local_299 -> s_SC_HUD_MP_icon\nDEBUG variables.py: Added field_tracker var local_285 -> s_SC_MP_SRV_settings\nDEBUG variables.py: Added field_tracker var local_14 -> s_SC_MP_hud\nDEBUG: func_0119 entry=119 end=154 blocks=5\nDEBUG FieldTracker: Checking func_name='SC_MP_SRV_GetAtgSettings' (from 'SC_MP_SRV_GetAtgSettings(*s_SC_MP_SRV_AtgSettings)void')\nDEBUG FieldTracker: Found known function SC_MP_SRV_GetAtgSettings, scanning for LADR\nDEBUG FieldTracker: local_1 detected as s_SC_MP_SRV_AtgSettings (from SC_MP_SRV_GetAtgSettings, param 0)\nDEBUG FieldTracker: Checking func_name='SC_MP_SRV_GetAtgSettings' (from 'SC_MP_SRV_GetAtgSettings(*s_SC_MP_SRV_AtgSettings)void')\nDEBUG FieldTracker: Found known function SC_MP_SRV_GetAtgSettings, scanning for LADR\nDEBUG FieldTracker: Checking func_name='SC_MP_SRV_GetAtgSettings' (from 'SC_MP_SRV_GetAtgSettings(*s_SC_MP_SRV_AtgSettings)void')\nDEBUG FieldTracker: Found known function SC_MP_SRV_GetAtgSettings, scanning for LADR\nDEBUG FieldTracker: Checking func_name='SC_P_GetInfo' (from 'SC_P_GetInfo(unsignedlong,*s_SC_P_getinfo)void')\nDEBUG FieldTracker: Found known function SC_P_GetInfo, scanning for LADR\nDEBUG FieldTracker: Found known function SC_MP_EnumPlayers, scanning for LADR\nDEBUG FieldTracker: local_265 detected as s_SC_MP_EnumPlayers (from SC_MP_EnumPlayers, param 0)\nDEBUG FieldTracker: Found known function SC_MP_EnumPlayers, scanning for LADR\nDEBUG FieldTracker: local_257 detected as s_SC_MP_EnumPlayers (from SC_MP_EnumPlayers, param 0)\nDEBUG FieldTracker: Found known function SC_MP_EnumPlayers, scanning for LADR\nDEBUG FieldTracker: local_296 detected as s_SC_MP_EnumPlayers (from SC_MP_EnumPlayers, param 0)\nDEBUG FieldTracker: Found known function SC_P_GetPos, scanning for LADR\nDEBUG FieldTracker: local_311 detected as c_Vector3 (from SC_P_GetPos, param 1)\nDEBUG FieldTracker: Found known function SC_MP_SetIconHUD, scanning for LADR\nDEBUG FieldTracker: local_299 detected as s_SC_HUD_MP_icon (from SC_MP_SetIconHUD, param 0)\nDEBUG FieldTracker: Found known function SC_MP_GetSRVsettings, scanning for LADR\nDEBUG FieldTracker: local_285 detected as s_SC_MP_SRV_settings (from SC_MP_GetSRVsettings, param 0)\nDEBUG FieldTracker: Found known function SC_MP_HUD_SetTabInfo, scanning for LADR\nDEBUG FieldTracker: local_14 detected as s_SC_MP_hud (from SC_MP_HUD_SetTabInfo, param 0)\nDEBUG FieldTracker: Checking func_name='SC_P_GetInfo' (from 'SC_P_GetInfo(unsignedlong,*s_SC_P_getinfo)void')\nDEBUG FieldTracker: Found known function SC_P_GetInfo, scanning for LADR\nDEBUG FieldTracker: Checking func_name='SC_P_GetInfo' (from 'SC_P_GetInfo(unsignedlong,*s_SC_P_getinfo)void')\nDEBUG FieldTracker: Found known function SC_P_GetInfo, scanning for LADR\nDEBUG Propagate: Completed in 1 iterations, tracking 16 struct variables\nDEBUG PNT: SUCCESS - base=&local_1, struct=s_SC_MP_SRV_AtgSettings, offset=4, field=tt_respawntime\nDEBUG FieldTracker: Found PNT pattern: t126_0 = &local_1.field at offset 4\nDEBUG PNT: SUCCESS - base=&local_1, struct=s_SC_MP_SRV_AtgSettings, offset=4, field=tt_respawntime\nDEBUG FieldTracker: Found PNT pattern: t132_0 = &local_1.field at offset 4\nDEBUG PNT: SUCCESS - base=&local_1, struct=s_SC_MP_SRV_AtgSettings, offset=4, field=tt_respawntime\nDEBUG FieldTracker: Found PNT pattern: t162_0 = &local_1.field at offset 4\nDEBUG PNT: SUCCESS - base=&local_1, struct=s_SC_MP_SRV_AtgSettings, offset=4, field=tt_respawntime\nDEBUG FieldTracker: Found PNT pattern: t168_0 = &local_1.field at offset 4\nDEBUG PNT: SUCCESS - base=&local_1, struct=s_SC_MP_SRV_AtgSettings, offset=8, field=tt_timelimit\nDEBUG FieldTracker: Found PNT pattern: t220_0 = &local_1.field at offset 8\nDEBUG PNT: SUCCESS - base=&local_1, struct=s_SC_MP_SRV_AtgSettings, offset=8, field=tt_timelimit\nDEBUG FieldTracker: Found PNT pattern: t226_0 = &local_1.field at offset 8\nDEBUG PNT: Rejected - base_var '&local_2' not in var_struct_types ['local_1', '&local_1', 'local_265', '&local_265', 'local_257', '&local_257', 'local_296', '&local_296', 'local_311', '&local_311', 'local_299', '&local_299', 'local_285', '&local_285', 'local_14', '&local_14']\nDEBUG PNT: Rejected - base_var '&local_2' not in var_struct_types ['local_1', '&local_1', 'local_265', '&local_265', 'local_257', '&local_257', 'local_296', '&local_296', 'local_311', '&local_311', 'local_299', '&local_299', 'local_285', '&local_285', 'local_14', '&local_14']\nDEBUG PNT: Rejected - base_var 't959_0' not in var_struct_types ['local_1', '&local_1', 'local_265', '&local_265', 'local_257', '&local_257', 'local_296', '&local_296', 'local_311', '&local_311', 'local_299', '&local_299', 'local_285', '&local_285', 'local_14', '&local_14']\nDEBUG PNT: Rejected - base_var 't1073_0' not in var_struct_types ['local_1', '&local_1', 'local_265', '&local_265', 'local_257', '&local_257', 'local_296', '&local_296', 'local_311', '&local_311', 'local_299', '&local_299', 'local_285', '&local_285', 'local_14', '&local_14']\nDEBUG PNT: Rejected - base_var 't1203_0' not in var_struct_types ['local_1', '&local_1', 'local_265', '&local_265', 'local_257', '&local_257', 'local_296', '&local_296', 'local_311', '&local_311', 'local_299', '&local_299', 'local_285', '&local_285', 'local_14', '&local_14']\nDEBUG PNT: Rejected - base_var 't1213_0' not in var_struct_types ['local_1', '&local_1', 'local_265', '&local_265', 'local_257', '&local_257', 'local_296', '&local_296', 'local_311', '&local_311', 'local_299', '&local_299', 'local_285', '&local_285', 'local_14', '&local_14']\nDEBUG PNT: Rejected - base_var 't1225_0' not in var_struct_types ['local_1', '&local_1', 'local_265', '&local_265', 'local_257', '&local_257', 'local_296', '&local_296', 'local_311', '&local_311', 'local_299', '&local_299', 'local_285', '&local_285', 'local_14', '&local_14']\nDEBUG PNT: Rejected - base_var 't1525_0' not in var_struct_types ['local_1', '&local_1', 'local_265', '&local_265', 'local_257', '&local_257', 'local_296', '&local_296', 'local_311', '&local_311', 'local_299', '&local_299', 'local_285', '&local_285', 'local_14', '&local_14']\nDEBUG PNT: Rejected - base_var 't1535_0' not in var_struct_types ['local_1', '&local_1', 'local_265', '&local_265', 'local_257', '&local_257', 'local_296', '&local_296', 'local_311', '&local_311', 'local_299', '&local_299', 'local_285', '&local_285', 'local_14', '&local_14']\nDEBUG PNT: Rejected - base_var 't1572_0' not in var_struct_types ['local_1', '&local_1', 'local_265', '&local_265', 'local_257', '&local_257', 'local_296', '&local_296', 'local_311', '&local_311', 'local_299', '&local_299', 'local_285', '&local_285', 'local_14', '&local_14']\nDEBUG PNT: Rejected - base_var '&local_413' not in var_struct_types ['local_1', '&local_1', 'local_265', '&local_265', 'local_257', '&local_257', 'local_296', '&local_296', 'local_311', '&local_311', 'local_299', '&local_299', 'local_285', '&local_285', 'local_14', '&local_14']\nDEBUG PNT: Rejected - base_var '&local_413' not in var_struct_types ['local_1', '&local_1', 'local_265', '&local_265', 'local_257', '&local_257', 'local_296', '&local_296', 'local_311', '&local_311', 'local_299', '&local_299', 'local_285', '&local_285', 'local_14', '&local_14']\nDEBUG FieldTracker: Scanned 92 DCP instructions, found 18 PNT patterns, 25 DADR patterns\nDEBUG SWITCH: ScriptMain area blocks (1090-1200): [164, 165, 166, 167, 168, 169, 170, 171, 172, 173, 174, 175, 176, 177]\nDEBUG SWITCH: ScriptMain blocks in func_block_ids: []\nDEBUG SWITCH: ScriptMain blocks MISSING from func_block_ids: [164, 165, 166, 167, 168, 169, 170, 171, 172, 173, 174, 175, 176, 177]\nDEBUG SWITCH:   Block 164: start=1096, end=1096, preds=2\nDEBUG SWITCH:   Block 165: start=1097, end=1122, preds=0\nDEBUG SWITCH:   Block 166: start=1123, end=1123, preds=0\nDEBUG SWITCH:   Block 167: start=1124, end=1127, preds=1\nDEBUG SWITCH:   Block 168: start=1128, end=1136, preds=2\nDEBUG SWITCH:   Block 169: start=1137, end=1137, preds=1\nDEBUG SWITCH:   Block 170: start=1138, end=1160, preds=1\nDEBUG SWITCH:   Block 171: start=1161, end=1164, preds=1\nDEBUG SWITCH:   Block 172: start=1165, end=1176, preds=1\nDEBUG SWITCH:   Block 173: start=1177, end=1177, preds=1\nDEBUG SWITCH:   Block 174: start=1178, end=1190, preds=1\nDEBUG SWITCH:   Block 175: start=1191, end=1194, preds=2\nDEBUG SWITCH:   Block 176: start=1195, end=1198, preds=1\nDEBUG SWITCH:   Block 177: start=1199, end=1208, preds=1\nDEBUG SWITCH: Checking block 21 for switch pattern (start addr: 119)\nDEBUG SWITCH: Checking block 22 for switch pattern (start addr: 130)\nDEBUG SWITCH: Checking block 23 for switch pattern (start addr: 135)\nDEBUG SWITCH: Checking block 24 for switch pattern (start addr: 148)\nDEBUG SWITCH: Checking block 25 for switch pattern (start addr: 152)\nDEBUG variables.py: formatter._var_struct_types has 16 entries\nDEBUG variables.py: Imported local_1 -> s_SC_MP_SRV_AtgSettings (confidence=0.9, source=field_tracker)\nDEBUG variables.py: Imported local_1 -> s_SC_MP_SRV_AtgSettings (confidence=0.9, source=field_tracker)\nDEBUG variables.py: Imported local_265 -> s_SC_MP_EnumPlayers (confidence=0.9, source=field_tracker)\nDEBUG variables.py: Imported local_265 -> s_SC_MP_EnumPlayers (confidence=0.9, source=field_tracker)\nDEBUG variables.py: Imported local_257 -> s_SC_MP_EnumPlayers (confidence=0.9, source=field_tracker)\nDEBUG variables.py: Imported local_257 -> s_SC_MP_EnumPlayers (confidence=0.9, source=field_tracker)\nDEBUG variables.py: Imported local_296 -> s_SC_MP_EnumPlayers (confidence=0.9, source=field_tracker)\nDEBUG variables.py: Imported local_296 -> s_SC_MP_EnumPlayers (confidence=0.9, source=field_tracker)\nDEBUG variables.py: Imported local_311 -> c_Vector3 (confidence=0.9, source=field_tracker)\nDEBUG variables.py: Imported local_311 -> c_Vector3 (confidence=0.9, source=field_tracker)\nDEBUG variables.py: Imported local_299 -> s_SC_HUD_MP_icon (confidence=0.9, source=field_tracker)\nDEBUG variables.py: Imported local_299 -> s_SC_HUD_MP_icon (confidence=0.9, source=field_tracker)\nDEBUG variables.py: Imported local_285 -> s_SC_MP_SRV_settings (confidence=0.9, source=field_tracker)\nDEBUG variables.py: Imported local_285 -> s_SC_MP_SRV_settings (confidence=0.9, source=field_tracker)\nDEBUG variables.py: Imported local_14 -> s_SC_MP_hud (confidence=0.9, source=field_tracker)\nDEBUG variables.py: Imported local_14 -> s_SC_MP_hud (confidence=0.9, source=field_tracker)\nDEBUG variables.py: Processing idx (var_name=local_1), struct_type_info=StructTypeInfo(struct_type='s_SC_MP_SRV_AtgSettings', confidence=0.9, source='field_tracker')\nDEBUG variables.py: Using field_tracker type for idx: s_SC_MP_SRV_AtgSettings\nDEBUG FieldTracker: t132_0 \u2192 local_1->tt_respawntime (offset=4, struct=s_SC_MP_SRV_AtgSettings)\nDEBUG variables.py: Expression mentions local_1: 'return local_1->tt_respawntime;'\nDEBUG variables.py: Added field_tracker var local_1 -> s_SC_MP_SRV_AtgSettings\nDEBUG variables.py: Added field_tracker var local_265 -> s_SC_MP_EnumPlayers\nDEBUG variables.py: Added field_tracker var local_257 -> s_SC_MP_EnumPlayers\nDEBUG variables.py: Added field_tracker var local_296 -> s_SC_MP_EnumPlayers\nDEBUG variables.py: Added field_tracker var local_311 -> c_Vector3\nDEBUG variables.py: Added field_tracker var local_299 -> s_SC_HUD_MP_icon\nDEBUG variables.py: Added field_tracker var local_285 -> s_SC_MP_SRV_settings\nDEBUG variables.py: Added field_tracker var local_14 -> s_SC_MP_hud\nDEBUG: func_0155 entry=155 end=212 blocks=9\nDEBUG FieldTracker: Checking func_name='SC_MP_SRV_GetAtgSettings' (from 'SC_MP_SRV_GetAtgSettings(*s_SC_MP_SRV_AtgSettings)void')\nDEBUG FieldTracker: Found known function SC_MP_SRV_GetAtgSettings, scanning for LADR\nDEBUG FieldTracker: local_1 detected as s_SC_MP_SRV_AtgSettings (from SC_MP_SRV_GetAtgSettings, param 0)\nDEBUG FieldTracker: Checking func_name='SC_MP_SRV_GetAtgSettings' (from 'SC_MP_SRV_GetAtgSettings(*s_SC_MP_SRV_AtgSettings)void')\nDEBUG FieldTracker: Found known function SC_MP_SRV_GetAtgSettings, scanning for LADR\nDEBUG FieldTracker: Checking func_name='SC_MP_SRV_GetAtgSettings' (from 'SC_MP_SRV_GetAtgSettings(*s_SC_MP_SRV_AtgSettings)void')\nDEBUG FieldTracker: Found known function SC_MP_SRV_GetAtgSettings, scanning for LADR\nDEBUG FieldTracker: Checking func_name='SC_P_GetInfo' (from 'SC_P_GetInfo(unsignedlong,*s_SC_P_getinfo)void')\nDEBUG FieldTracker: Found known function SC_P_GetInfo, scanning for LADR\nDEBUG FieldTracker: Found known function SC_MP_EnumPlayers, scanning for LADR\nDEBUG FieldTracker: local_265 detected as s_SC_MP_EnumPlayers (from SC_MP_EnumPlayers, param 0)\nDEBUG FieldTracker: Found known function SC_MP_EnumPlayers, scanning for LADR\nDEBUG FieldTracker: local_257 detected as s_SC_MP_EnumPlayers (from SC_MP_EnumPlayers, param 0)\nDEBUG FieldTracker: Found known function SC_MP_EnumPlayers, scanning for LADR\nDEBUG FieldTracker: local_296 detected as s_SC_MP_EnumPlayers (from SC_MP_EnumPlayers, param 0)\nDEBUG FieldTracker: Found known function SC_P_GetPos, scanning for LADR\nDEBUG FieldTracker: local_311 detected as c_Vector3 (from SC_P_GetPos, param 1)\nDEBUG FieldTracker: Found known function SC_MP_SetIconHUD, scanning for LADR\nDEBUG FieldTracker: local_299 detected as s_SC_HUD_MP_icon (from SC_MP_SetIconHUD, param 0)\nDEBUG FieldTracker: Found known function SC_MP_GetSRVsettings, scanning for LADR\nDEBUG FieldTracker: local_285 detected as s_SC_MP_SRV_settings (from SC_MP_GetSRVsettings, param 0)\nDEBUG FieldTracker: Found known function SC_MP_HUD_SetTabInfo, scanning for LADR\nDEBUG FieldTracker: local_14 detected as s_SC_MP_hud (from SC_MP_HUD_SetTabInfo, param 0)\nDEBUG FieldTracker: Checking func_name='SC_P_GetInfo' (from 'SC_P_GetInfo(unsignedlong,*s_SC_P_getinfo)void')\nDEBUG FieldTracker: Found known function SC_P_GetInfo, scanning for LADR\nDEBUG FieldTracker: Checking func_name='SC_P_GetInfo' (from 'SC_P_GetInfo(unsignedlong,*s_SC_P_getinfo)void')\nDEBUG FieldTracker: Found known function SC_P_GetInfo, scanning for LADR\nDEBUG Propagate: Completed in 1 iterations, tracking 16 struct variables\nDEBUG PNT: SUCCESS - base=&local_1, struct=s_SC_MP_SRV_AtgSettings, offset=4, field=tt_respawntime\nDEBUG FieldTracker: Found PNT pattern: t126_0 = &local_1.field at offset 4\nDEBUG PNT: SUCCESS - base=&local_1, struct=s_SC_MP_SRV_AtgSettings, offset=4, field=tt_respawntime\nDEBUG FieldTracker: Found PNT pattern: t132_0 = &local_1.field at offset 4\nDEBUG PNT: SUCCESS - base=&local_1, struct=s_SC_MP_SRV_AtgSettings, offset=4, field=tt_respawntime\nDEBUG FieldTracker: Found PNT pattern: t162_0 = &local_1.field at offset 4\nDEBUG PNT: SUCCESS - base=&local_1, struct=s_SC_MP_SRV_AtgSettings, offset=4, field=tt_respawntime\nDEBUG FieldTracker: Found PNT pattern: t168_0 = &local_1.field at offset 4\nDEBUG PNT: SUCCESS - base=&local_1, struct=s_SC_MP_SRV_AtgSettings, offset=8, field=tt_timelimit\nDEBUG FieldTracker: Found PNT pattern: t220_0 = &local_1.field at offset 8\nDEBUG PNT: SUCCESS - base=&local_1, struct=s_SC_MP_SRV_AtgSettings, offset=8, field=tt_timelimit\nDEBUG FieldTracker: Found PNT pattern: t226_0 = &local_1.field at offset 8\nDEBUG PNT: Rejected - base_var '&local_2' not in var_struct_types ['local_1', '&local_1', 'local_265', '&local_265', 'local_257', '&local_257', 'local_296', '&local_296', 'local_311', '&local_311', 'local_299', '&local_299', 'local_285', '&local_285', 'local_14', '&local_14']\nDEBUG PNT: Rejected - base_var '&local_2' not in var_struct_types ['local_1', '&local_1', 'local_265', '&local_265', 'local_257', '&local_257', 'local_296', '&local_296', 'local_311', '&local_311', 'local_299', '&local_299', 'local_285', '&local_285', 'local_14', '&local_14']\nDEBUG PNT: Rejected - base_var 't959_0' not in var_struct_types ['local_1', '&local_1', 'local_265', '&local_265', 'local_257', '&local_257', 'local_296', '&local_296', 'local_311', '&local_311', 'local_299', '&local_299', 'local_285', '&local_285', 'local_14', '&local_14']\nDEBUG PNT: Rejected - base_var 't1073_0' not in var_struct_types ['local_1', '&local_1', 'local_265', '&local_265', 'local_257', '&local_257', 'local_296', '&local_296', 'local_311', '&local_311', 'local_299', '&local_299', 'local_285', '&local_285', 'local_14', '&local_14']\nDEBUG PNT: Rejected - base_var 't1203_0' not in var_struct_types ['local_1', '&local_1', 'local_265', '&local_265', 'local_257', '&local_257', 'local_296', '&local_296', 'local_311', '&local_311', 'local_299', '&local_299', 'local_285', '&local_285', 'local_14', '&local_14']\nDEBUG PNT: Rejected - base_var 't1213_0' not in var_struct_types ['local_1', '&local_1', 'local_265', '&local_265', 'local_257', '&local_257', 'local_296', '&local_296', 'local_311', '&local_311', 'local_299', '&local_299', 'local_285', '&local_285', 'local_14', '&local_14']\nDEBUG PNT: Rejected - base_var 't1225_0' not in var_struct_types ['local_1', '&local_1', 'local_265', '&local_265', 'local_257', '&local_257', 'local_296', '&local_296', 'local_311', '&local_311', 'local_299', '&local_299', 'local_285', '&local_285', 'local_14', '&local_14']\nDEBUG PNT: Rejected - base_var 't1525_0' not in var_struct_types ['local_1', '&local_1', 'local_265', '&local_265', 'local_257', '&local_257', 'local_296', '&local_296', 'local_311', '&local_311', 'local_299', '&local_299', 'local_285', '&local_285', 'local_14', '&local_14']\nDEBUG PNT: Rejected - base_var 't1535_0' not in var_struct_types ['local_1', '&local_1', 'local_265', '&local_265', 'local_257', '&local_257', 'local_296', '&local_296', 'local_311', '&local_311', 'local_299', '&local_299', 'local_285', '&local_285', 'local_14', '&local_14']\nDEBUG PNT: Rejected - base_var 't1572_0' not in var_struct_types ['local_1', '&local_1', 'local_265', '&local_265', 'local_257', '&local_257', 'local_296', '&local_296', 'local_311', '&local_311', 'local_299', '&local_299', 'local_285', '&local_285', 'local_14', '&local_14']\nDEBUG PNT: Rejected - base_var '&local_413' not in var_struct_types ['local_1', '&local_1', 'local_265', '&local_265', 'local_257', '&local_257', 'local_296', '&local_296', 'local_311', '&local_311', 'local_299', '&local_299', 'local_285', '&local_285', 'local_14', '&local_14']\nDEBUG PNT: Rejected - base_var '&local_413' not in var_struct_types ['local_1', '&local_1', 'local_265', '&local_265', 'local_257', '&local_257', 'local_296', '&local_296', 'local_311', '&local_311', 'local_299', '&local_299', 'local_285', '&local_285', 'local_14', '&local_14']\nDEBUG FieldTracker: Scanned 92 DCP instructions, found 18 PNT patterns, 25 DADR patterns\nDEBUG SWITCH: ScriptMain area blocks (1090-1200): [164, 165, 166, 167, 168, 169, 170, 171, 172, 173, 174, 175, 176, 177]\nDEBUG SWITCH: ScriptMain blocks in func_block_ids: []\nDEBUG SWITCH: ScriptMain blocks MISSING from func_block_ids: [164, 165, 166, 167, 168, 169, 170, 171, 172, 173, 174, 175, 176, 177]\nDEBUG SWITCH:   Block 164: start=1096, end=1096, preds=2\nDEBUG SWITCH:   Block 165: start=1097, end=1122, preds=0\nDEBUG SWITCH:   Block 166: start=1123, end=1123, preds=0\nDEBUG SWITCH:   Block 167: start=1124, end=1127, preds=1\nDEBUG SWITCH:   Block 168: start=1128, end=1136, preds=2\nDEBUG SWITCH:   Block 169: start=1137, end=1137, preds=1\nDEBUG SWITCH:   Block 170: start=1138, end=1160, preds=1\nDEBUG 
[...]
DEBUG SWITCH: Checking block 186 for switch pattern (start addr: 2360)
DEBUG SWITCH: Checking block 187 for switch pattern (start addr: 2418)
DEBUG SWITCH: Checking block 190 for switch pattern (start addr: 2424)
DEBUG SWITCH: Checking block 193 for switch pattern (start addr: 2440)
DEBUG SWITCH: Checking block 196 for switch pattern (start addr: 2446)
DEBUG SWITCH: Checking block 197 for switch pattern (start addr: 2450)
DEBUG SWITCH: Checking block 198 for switch pattern (start addr: 2459)
DEBUG SWITCH: Checking block 206 for switch pattern (start addr: 2596)
DEBUG SWITCH: Checking block 209 for switch pattern (start addr: 2607)
DEBUG SWITCH: Checking block 210 for switch pattern (start addr: 2626)
DEBUG SWITCH: Checking block 211 for switch pattern (start addr: 2627)
DEBUG SWITCH: Checking block 212 for switch pattern (start addr: 2631)
DEBUG SWITCH: Checking block 213 for switch pattern (start addr: 2637)
DEBUG SWITCH: Checking block 214 for switch pattern (start addr: 2650)
DEBUG SWITCH: Checking block 215 for switch pattern (start addr: 2651)
DEBUG SWITCH: Checking block 216 for switch pattern (start addr: 2659)
DEBUG SWITCH: Checking block 217 for switch pattern (start addr: 2677)
DEBUG SWITCH: Checking block 218 for switch pattern (start addr: 2685)
DEBUG SWITCH: First case - variable: g_showinfo_timer, SSA: t2685_0
DEBUG SWITCH: Checking block 219 for switch pattern (start addr: 2689)
DEBUG SWITCH: Checking block 220 for switch pattern (start addr: 2709)
DEBUG SWITCH: Checking block 223 for switch pattern (start addr: 2715)
DEBUG SWITCH: Checking block 224 for switch pattern (start addr: 2727)
DEBUG SWITCH: Checking block 225 for switch pattern (start addr: 2733)
DEBUG SWITCH: Checking block 226 for switch pattern (start addr: 2734)
DEBUG SWITCH: Checking block 227 for switch pattern (start addr: 2736)
DEBUG SWITCH: Checking block 230 for switch pattern (start addr: 2743)
DEBUG SWITCH: Checking block 232 for switch pattern (start addr: 2748)
DEBUG SWITCH: First case - variable: g_showinfo_timer, SSA: t2748_0
DEBUG SWITCH: Checking block 233 for switch pattern (start addr: 2752)
DEBUG SWITCH: Checking block 234 for switch pattern (start addr: 2833)
DEBUG SWITCH: Checking block 237 for switch pattern (start addr: 2840)
DEBUG SWITCH: Checking block 239 for switch pattern (start addr: 2845)
DEBUG SWITCH: First case - variable: g_showinfo_timer, SSA: t2845_0
DEBUG SWITCH: Checking block 240 for switch pattern (start addr: 2849)
DEBUG SWITCH: Checking block 241 for switch pattern (start addr: 2857)
DEBUG SWITCH: Checking block 242 for switch pattern (start addr: 2861)
DEBUG SWITCH: Checking block 243 for switch pattern (start addr: 2862)
DEBUG SWITCH: Checking block 246 for switch pattern (start addr: 2869)
DEBUG SWITCH: Checking block 248 for switch pattern (start addr: 2874)
DEBUG SWITCH: First case - variable: g_showinfo_timer, SSA: t2874_0
DEBUG SWITCH: Checking block 249 for switch pattern (start addr: 2878)
DEBUG SWITCH: Checking block 252 for switch pattern (start addr: 2887)
DEBUG SWITCH: Checking block 253 for switch pattern (start addr: 2888)
DEBUG SWITCH: Checking block 256 for switch pattern (start addr: 2895)
DEBUG SWITCH: Checking block 259 for switch pattern (start addr: 2901)
DEBUG SWITCH: Checking block 262 for switch pattern (start addr: 2937)
DEBUG SWITCH: Checking block 265 for switch pattern (start addr: 2957)
DEBUG SWITCH: Checking block 266 for switch pattern (start addr: 2963)
DEBUG SWITCH: Checking block 267 for switch pattern (start addr: 2969)
DEBUG SWITCH: Checking block 268 for switch pattern (start addr: 2987)
DEBUG SWITCH: Checking block 269 for switch pattern (start addr: 2988)
DEBUG variables.py: formatter._var_struct_types has 6 entries
DEBUG variables.py: Imported local_75 -> s_SC_P_getinfo (confidence=0.9, source=field_tracker)
DEBUG variables.py: Imported local_11 -> c_Vector3 (confidence=0.9, source=field_tracker)
DEBUG variables.py: Imported local_0 -> s_SC_MP_EnumPlayers (confidence=0.9, source=field_tracker)
DEBUG variables.py: Imported local_0 -> s_SC_MP_EnumPlayers (confidence=0.9, source=field_tracker)
DEBUG variables.py: Imported local_11 -> c_Vector3 (confidence=0.9, source=field_tracker)
DEBUG variables.py: Using field_tracker type for player_info: s_SC_P_getinfo
DEBUG variables.py: Using field_tracker type for j: s_SC_MP_EnumPlayers
DEBUG variables.py: Processing k (var_name=local_1), struct_type_info=None
DEBUG variables.py: Using field_tracker type for vec: c_Vector3

=== FILE COPY DEBUG ===
Source file: C:\Users\flori\AppData\Local\Temp\pytest-of-flori\pytest-24\test_decompilation_validation_2\test3_LEVEL_decompiled.c
Source exists: True
Dest file: C:\Users\flori\source\repos\VC_Scripter\original-resources\compiler\test3_LEVEL_decompiled.c
Compiler dir: C:\Users\flori\source\repos\VC_Scripter\original-resources\compiler
After copy - dest exists: True
Dest file size: 2818 bytes
======================


=== COMPILER EXECUTION DEBUG ===
FULL COMMAND: ['C:\\Users\\flori\\source\\repos\\VC_Scripter\\original-resources\\compiler\\SCMP.exe', 'test3_LEVEL_decompiled.c', 'test3_LEVEL_decompiled_recompiled.scr', 'test3_LEVEL_decompiled.h']
COMMAND STRING: C:\Users\flori\source\repos\VC_Scripter\original-resources\compiler\SCMP.exe test3_LEVEL_decompiled.c test3_LEVEL_decompiled_recompiled.scr test3_LEVEL_decompiled.h
EXECUTABLE: C:\Users\flori\source\repos\VC_Scripter\original-resources\compiler\SCMP.exe
EXECUTABLE EXISTS: True
WORKING DIR: C:\Users\flori\source\repos\VC_Scripter\original-resources\compiler
ENV: None
================================


=== COMPILER EXECUTION RESULT ===
Return code: 3221225477
STDOUT: (empty)
STDERR: (empty)
=================================

------------------------------ Captured log call ------------------------------
WARNING  vcdecomp.validation.compiler_wrapper:compiler_wrapper.py:192 Process failed:
______________ TestDifferenceDataStructures.test_difference_str _______________
vcdecomp\tests\validation\test_bytecode_compare.py:81: in test_difference_str
    self.assertIn("CODE", str_repr)
E   AssertionError: 'CODE' not found in '\u26a0 [code] instruction[10]: Different opcode\\n  Original:    IADD\\n  Recompiled:  IMUL'
__________ TestBytecodeComparator.test_compare_different_data_sizes ___________
vcdecomp\tests\validation\test_bytecode_compare.py:303: in test_compare_different_data_sizes
    data_comp = self.comparator._compare_data_segments()
                ^^^^^^^^^^^^^^^^^^^^^^^^^^^^^^^^^^^^^^^^
vcdecomp\validation\bytecode_compare.py:424: in _compare_data_segments
    original_size=self.original.data_segment.size_bytes,
                  ^^^^^^^^^^^^^^^^^^^^^^^^^^
..\..\..\AppData\Local\Programs\Python\Python313\Lib\unittest\mock.py:690: in __getattr__
    raise AttributeError("Mock object has no attribute %r" % name)
E   AttributeError: Mock object has no attribute 'data_segment'
__________ TestBytecodeComparator.test_compare_different_data_values __________
vcdecomp\tests\validation\test_bytecode_compare.py:325: in test_compare_different_data_values
    data_comp = self.comparator._compare_data_segments()
                ^^^^^^^^^^^^^^^^^^^^^^^^^^^^^^^^^^^^^^^^
vcdecomp\validation\bytecode_compare.py:424: in _compare_data_segments
    original_size=self.original.data_segment.size_bytes,
                  ^^^^^^^^^^^^^^^^^^^^^^^^^^
..\..\..\AppData\Local\Programs\Python\Python313\Lib\unittest\mock.py:690: in __getattr__
    raise AttributeError("Mock object has no attribute %r" % name)
E   AttributeError: Mock object has no attribute 'data_segment'
______ TestBytecodeComparator.test_compare_different_instruction_counts _______
vcdecomp\tests\validation\test_bytecode_compare.py:334: in test_compare_different_instruction_counts
    Instruction(offset=0, opcode=0x01, arg1=0, arg2=0),
    ^^^^^^^^^^^^^^^^^^^^^^^^^^^^^^^^^^^^^^^^^^^^^^^^^^
E   TypeError: Instruction.__init__() got an unexpected keyword argument 'offset'
____________ TestBytecodeComparator.test_compare_different_opcodes ____________
vcdecomp\tests\validation\test_bytecode_compare.py:358: in test_compare_different_opcodes
    Instruction(offset=0, opcode=0x01, arg1=5, arg2=0),  # IADD
    ^^^^^^^^^^^^^^^^^^^^^^^^^^^^^^^^^^^^^^^^^^^^^^^^^^
E   TypeError: Instruction.__init__() got an unexpected keyword argument 'offset'
__________ TestBytecodeComparator.test_compare_different_xfn_counts ___________
vcdecomp\tests\validation\test_bytecode_compare.py:382: in test_compare_different_xfn_counts
    XFNEntry(name="SC_message", signature="v1s", offset=0),
    ^^^^^^^^^^^^^^^^^^^^^^^^^^^^^^^^^^^^^^^^^^^^^^^^^^^^^^
E   TypeError: XFNEntry.__init__() got an unexpected keyword argument 'signature'
___________ TestBytecodeComparator.test_compare_different_xfn_names ___________
vcdecomp\tests\validation\test_bytecode_compare.py:406: in test_compare_different_xfn_names
    XFNEntry(name="SC_message", signature="v1s", offset=0),
    ^^^^^^^^^^^^^^^^^^^^^^^^^^^^^^^^^^^^^^^^^^^^^^^^^^^^^^
E   TypeError: XFNEntry.__init__() got an unexpected keyword argument 'signature'
________ TestBytecodeComparator.test_compare_different_xfn_signatures _________
vcdecomp\tests\validation\test_bytecode_compare.py:427: in test_compare_different_xfn_signatures
    XFNEntry(name="SC_message", signature="v1s", offset=0),
    ^^^^^^^^^^^^^^^^^^^^^^^^^^^^^^^^^^^^^^^^^^^^^^^^^^^^^^
E   TypeError: XFNEntry.__init__() got an unexpected keyword argument 'signature'
_____________ TestBytecodeComparator.test_compare_identical_files _____________
vcdecomp\tests\validation\test_bytecode_compare.py:240: in test_compare_identical_files
    data_comp = self.comparator._compare_data_segments()
                ^^^^^^^^^^^^^^^^^^^^^^^^^^^^^^^^^^^^^^^^
vcdecomp\validation\bytecode_compare.py:424: in _compare_data_segments
    original_size=self.original.data_segment.size_bytes,
                  ^^^^^^^^^^^^^^^^^^^^^^^^^^
..\..\..\AppData\Local\Programs\Python\Python313\Lib\unittest\mock.py:690: in __getattr__
    raise AttributeError("Mock object has no attribute %r" % name)
E   AttributeError: Mock object has no attribute 'data_segment'
___________ TestCompareFilesIntegration.test_compare_files_success ____________
vcdecomp\tests\validation\test_bytecode_compare.py:503: in test_compare_files_success
    result = self.comparator.compare_files("original.scr", "recompiled.scr")
             ^^^^^^^^^^^^^^^^^^^^^^^^^^^^^^^^^^^^^^^^^^^^^^^^^^^^^^^^^^^^^^^
vcdecomp\validation\bytecode_compare.py:251: in compare_files
    result.sections["data"] = self._compare_data_segments()
                              ^^^^^^^^^^^^^^^^^^^^^^^^^^^^^
vcdecomp\validation\bytecode_compare.py:424: in _compare_data_segments
    original_size=self.original.data_segment.size_bytes,
                  ^^^^^^^^^^^^^^^^^^^^^^^^^^
..\..\..\AppData\Local\Programs\Python\Python313\Lib\unittest\mock.py:690: in __getattr__
    raise AttributeError("Mock object has no attribute %r" % name)
E   AttributeError: Mock object has no attribute 'data_segment'
__________________ TestSCMPWrapper.test_compile_with_errors ___________________
vcdecomp\tests\validation\test_compiler_wrapper.py:428: in test_compile_with_errors
    self.assertTrue(result.has_errors)
E   AssertionError: False is not true
---------------------------- Captured stderr call -----------------------------

=== FILE COPY DEBUG ===
Source file: C:\Users\flori\AppData\Local\Temp\test_scmp_syqlgyb4\test.c
Source exists: True
Dest file: C:\Users\flori\AppData\Local\Temp\test_scmp_syqlgyb4\compiler\test.c
Compiler dir: C:\Users\flori\AppData\Local\Temp\test_scmp_syqlgyb4\compiler
After copy - dest exists: True
Dest file size: 15 bytes
======================

_______________ TestReportGeneration.test_generate_html_report ________________
vcdecomp\tests\validation\test_validation_workflow.py:279: in test_generate_html_report
    report = generator.generate_html(result)
             ^^^^^^^^^^^^^^^^^^^^^^^
E   AttributeError: 'ReportGenerator' object has no attribute 'generate_html'
_______________ TestReportGeneration.test_generate_json_report ________________
vcdecomp\tests\validation\test_validation_workflow.py:295: in test_generate_json_report
    report = generator.generate_json(result)
             ^^^^^^^^^^^^^^^^^^^^^^^
E   AttributeError: 'ReportGenerator' object has no attribute 'generate_json'
_______________ TestReportGeneration.test_generate_text_report ________________
vcdecomp\tests\validation\test_validation_workflow.py:262: in test_generate_text_report
    report = generator.generate_text(result)
             ^^^^^^^^^^^^^^^^^^^^^^^
E   AttributeError: 'ReportGenerator' object has no attribute 'generate_text'
______ TestErrorRecovery.test_graceful_handling_of_comparison_exception _______
vcdecomp\tests\validation\test_validation_workflow.py:499: in test_graceful_handling_of_comparison_exception
    mock_result = CompilationResult(
E   TypeError: CompilationResult.__init__() got an unexpected keyword argument 'warnings'
============================== warnings summary ===============================
..\..\..\AppData\Local\Programs\Python\Python313\Lib\site-packages\_pytest\config\__init__.py:1428
  C:\Users\flori\AppData\Local\Programs\Python\Python313\Lib\site-packages\_pytest\config\__init__.py:1428: PytestConfigWarning: Unknown config option: regressions_data_dir
  
    self._warn_or_fail_if_strict(f"Unknown config option: {key}\n")

-- Docs: https://docs.pytest.org/en/stable/how-to/capture-warnings.html
=========================== short test summary info ===========================
FAILED vcdecomp/tests/test_compound_conditions.py::TestSimpleOR::test_simple_or_pattern - AssertionError: unexpectedly None : Should detect OR pattern
FAILED vcdecomp/tests/test_compound_conditions.py::TestSimpleAND::test_simple_and_pattern - AssertionError: unexpectedly None : Should detect AND pattern
FAILED vcdecomp/tests/test_compound_conditions.py::TestCombinedANDOR::test_tdm_scr_pattern - AssertionError: unexpectedly None : Should detect compound (A&&B)||(C&&D) pattern
FAILED vcdecomp/tests/test_integration_pipeline.py::TestDecompilationPipeline::test_cfg_stage - AssertionError: 0 not greater than 0 : No test SCR files found
FAILED vcdecomp/tests/test_integration_pipeline.py::TestDecompilationPipeline::test_complete_pipeline_all_files - AssertionError: 0 not greater than 0 : No test SCR files found
FAILED vcdecomp/tests/test_integration_pipeline.py::TestDecompilationPipeline::test_complete_pipeline_simple - AssertionError: 0 not greater than 0 : No test SCR files found
FAILED vcdecomp/tests/test_integration_pipeline.py::TestDecompilationPipeline::test_disassembly_stage - AssertionError: 0 not greater than 0 : No test SCR files found
FAILED vcdecomp/tests/test_integration_pipeline.py::TestDecompilationPipeline::test_expression_formatting_stage - AssertionError: 0 not greater than 0 : No test SCR files found
FAILED vcdecomp/tests/test_integration_pipeline.py::TestDecompilationPipeline::test_loader_stage - AssertionError: 0 not greater than 0 : No test SCR files found
FAILED vcdecomp/tests/test_integration_pipeline.py::TestDecompilationPipeline::test_output_validity - AssertionError: 0 not greater than 0 : No test SCR files found
FAILED vcdecomp/tests/test_integration_pipeline.py::TestDecompilationPipeline::test_pattern_detection_integration - AssertionError: 0 not greater than 0 : No test SCR files found
FAILED vcdecomp/tests/test_integration_pipeline.py::TestDecompilationPipeline::test_refactored_modules_integration - AssertionError: 0 not greater than 0 : No test SCR files found
FAILED vcdecomp/tests/test_integration_pipeline.py::TestDecompilationPipeline::test_ssa_stage - AssertionError: 0 not greater than 0 : No test SCR files found
FAILED vcdecomp/tests/test_integration_pipeline.py::TestDecompilationPipeline::test_stack_lifting_stage - AssertionError: 0 not greater than 0 : No test SCR files found
FAILED vcdecomp/tests/test_integration_pipeline.py::TestDecompilationPipeline::test_structured_output_stage - AssertionError: 0 not greater than 0 : No test SCR files found
FAILED vcdecomp/tests/test_structure_analysis.py::TestCollectLocalVariables::test_collect_simple_variables - AttributeError: 'MockSSAFunction' object has no attribute 'cfg'
FAILED vcdecomp/tests/test_structure_analysis.py::TestCollectLocalVariables::test_skip_globals - AttributeError: 'MockSSAFunction' object has no attribute 'cfg'
FAILED vcdecomp/tests/test_structure_analysis.py::TestCollectLocalVariables::test_skip_parameters - AttributeError: 'MockSSAFunction' object has no attribute 'cfg'
FAILED vcdecomp/tests/test_validation.py::test_decompilation_validation[tt-turntable] - Failed: Compilation failed with 0 errors. First error: Unknown
FAILED vcdecomp/tests/test_validation.py::test_decompilation_validation[tdm-deathmatch] - Failed: Compilation failed with 0 errors. First error: Unknown
FAILED vcdecomp/tests/test_validation.py::test_decompilation_validation[level-script] - Failed: Compilation failed with 0 errors. First error: Unknown
FAILED vcdecomp/tests/validation/test_bytecode_compare.py::TestDifferenceDataStructures::test_difference_str - AssertionError: 'CODE' not found in '\u26a0 [code] instruction[10]: Different opcode\\n  Original:    IADD\\n  Recompiled:  IMUL'
FAILED vcdecomp/tests/validation/test_bytecode_compare.py::TestBytecodeComparator::test_compare_different_data_sizes - AttributeError: Mock object has no attribute 'data_segment'
FAILED vcdecomp/tests/validation/test_bytecode_compare.py::TestBytecodeComparator::test_compare_different_data_values - AttributeError: Mock object has no attribute 'data_segment'
FAILED vcdecomp/tests/validation/test_bytecode_compare.py::TestBytecodeComparator::test_compare_different_instruction_counts - TypeError: Instruction.__init__() got an unexpected keyword argument 'offset'
FAILED vcdecomp/tests/validation/test_bytecode_compare.py::TestBytecodeComparator::test_compare_different_opcodes - TypeError: Instruction.__init__() got an unexpected keyword argument 'offset'
FAILED vcdecomp/tests/validation/test_bytecode_compare.py::TestBytecodeComparator::test_compare_different_xfn_counts - TypeError: XFNEntry.__init__() got an unexpected keyword argument 'signature'
FAILED vcdecomp/tests/validation/test_bytecode_compare.py::TestBytecodeComparator::test_compare_different_xfn_names - TypeError: XFNEntry.__init__() got an unexpected keyword argument 'signature'
FAILED vcdecomp/tests/validation/test_bytecode_compare.py::TestBytecodeComparator::test_compare_different_xfn_signatures - TypeError: XFNEntry.__init__() got an unexpected keyword argument 'signature'
FAILED vcdecomp/tests/validation/test_bytecode_compare.py::TestBytecodeComparator::test_compare_identical_files - AttributeError: Mock object has no attribute 'data_segment'
FAILED vcdecomp/tests/validation/test_bytecode_compare.py::TestCompareFilesIntegration::test_compare_files_success - AttributeError: Mock object has no attribute 'data_segment'
FAILED vcdecomp/tests/validation/test_compiler_wrapper.py::TestSCMPWrapper::test_compile_with_errors - AssertionError: False is not true
FAILED vcdecomp/tests/validation/test_validation_workflow.py::TestReportGeneration::test_generate_html_report - AttributeError: 'ReportGenerator' object has no attribute 'generate_html'
FAILED vcdecomp/tests/validation/test_validation_workflow.py::TestReportGeneration::test_generate_json_report - AttributeError: 'ReportGenerator' object has no attribute 'generate_json'
FAILED vcdecomp/tests/validation/test_validation_workflow.py::TestReportGeneration::test_generate_text_report - AttributeError: 'ReportGenerator' object has no attribute 'generate_text'
FAILED vcdecomp/tests/validation/test_validation_workflow.py::TestErrorRecovery::test_graceful_handling_of_comparison_exception - TypeError: CompilationResult.__init__() got an unexpected keyword argument 'warnings'
=========== 36 failed, 224 passed, 14 skipped, 1 warning in 12.92s ============
